{"/Users/maria.araujo/gemini/src/App.jsx": {"path":"/Users/maria.araujo/gemini/src/App.jsx","statementMap":{"0":{"start":{"line":24,"column":15},"end":{"line":24,"column":40}},"1":{"start":{"line":25,"column":22},"end":{"line":25,"column":54}},"2":{"start":{"line":26,"column":26},"end":{"line":26,"column":62}},"3":{"start":{"line":27,"column":30},"end":{"line":27,"column":71}},"4":{"start":{"line":28,"column":31},"end":{"line":28,"column":73}},"5":{"start":{"line":29,"column":26},"end":{"line":29,"column":62}},"6":{"start":{"line":30,"column":20},"end":{"line":30,"column":51}},"7":{"start":{"line":31,"column":28},"end":{"line":31,"column":67}},"8":{"start":{"line":36,"column":27},"end":{"line":37,"column":27}},"9":{"start":{"line":39,"column":2},"end":{"line":57,"column":null}},"10":{"start":{"line":40,"column":10},"end":{"line":55,"column":null}},"11":{"start":{"line":41,"column":6},"end":{"line":41,"column":null}},"12":{"start":{"line":42,"column":6},"end":{"line":42,"column":null}},"13":{"start":{"line":44,"column":6},"end":{"line":53,"column":null}},"14":{"start":{"line":46,"column":14},"end":{"line":46,"column":57}},"15":{"start":{"line":47,"column":8},"end":{"line":53,"column":null}},"16":{"start":{"line":56,"column":4},"end":{"line":56,"column":null}},"17":{"start":{"line":56,"column":17},"end":{"line":56,"column":30}},"18":{"start":{"line":59,"column":8},"end":{"line":62,"column":null}},"19":{"start":{"line":60,"column":4},"end":{"line":60,"column":null}},"20":{"start":{"line":61,"column":4},"end":{"line":61,"column":null}},"21":{"start":{"line":62,"column":4},"end":{"line":62,"column":null}},"22":{"start":{"line":62,"column":29},"end":{"line":62,"column":null}},"23":{"start":{"line":65,"column":8},"end":{"line":67,"column":null}},"24":{"start":{"line":66,"column":4},"end":{"line":66,"column":null}},"25":{"start":{"line":67,"column":4},"end":{"line":67,"column":null}},"26":{"start":{"line":67,"column":29},"end":{"line":67,"column":null}},"27":{"start":{"line":70,"column":8},"end":{"line":72,"column":null}},"28":{"start":{"line":71,"column":4},"end":{"line":71,"column":null}},"29":{"start":{"line":72,"column":4},"end":{"line":72,"column":null}},"30":{"start":{"line":75,"column":2},"end":{"line":89,"column":null}},"31":{"start":{"line":76,"column":4},"end":{"line":89,"column":null}},"32":{"start":{"line":93,"column":2},"end":{"line":94,"column":null}},"33":{"start":{"line":94,"column":4},"end":{"line":94,"column":null}},"34":{"start":{"line":97,"column":26},"end":{"line":97,"column":null}},"35":{"start":{"line":99,"column":2},"end":{"line":226,"column":null}},"36":{"start":{"line":109,"column":23},"end":{"line":109,"column":52}},"37":{"start":{"line":114,"column":33},"end":{"line":114,"column":null}},"38":{"start":{"line":132,"column":18},"end":{"line":132,"column":null}},"39":{"start":{"line":133,"column":18},"end":{"line":133,"column":null}},"40":{"start":{"line":136,"column":32},"end":{"line":136,"column":null}},"41":{"start":{"line":159,"column":68},"end":{"line":159,"column":92}},"42":{"start":{"line":166,"column":31},"end":{"line":166,"column":82}},"43":{"start":{"line":174,"column":31},"end":{"line":174,"column":88}},"44":{"start":{"line":186,"column":31},"end":{"line":186,"column":51}},"45":{"start":{"line":197,"column":25},"end":{"line":197,"column":53}},"46":{"start":{"line":209,"column":23},"end":{"line":209,"column":53}},"47":{"start":{"line":213,"column":10},"end":{"line":214,"column":null}},"48":{"start":{"line":214,"column":12},"end":{"line":214,"column":null}},"49":{"start":{"line":221,"column":23},"end":{"line":221,"column":50}}},"fnMap":{"0":{"name":"App","decl":{"start":{"line":23,"column":9},"end":{"line":23,"column":15}},"loc":{"start":{"line":23,"column":15},"end":{"line":226,"column":null}},"line":23},"1":{"name":"(anonymous_1)","decl":{"start":{"line":39,"column":2},"end":{"line":39,"column":18}},"loc":{"start":{"line":39,"column":18},"end":{"line":57,"column":7}},"line":39},"2":{"name":"(anonymous_2)","decl":{"start":{"line":40,"column":49},"end":{"line":40,"column":56}},"loc":{"start":{"line":40,"column":72},"end":{"line":55,"column":null}},"line":40},"3":{"name":"(anonymous_3)","decl":{"start":{"line":56,"column":4},"end":{"line":56,"column":17}},"loc":{"start":{"line":56,"column":17},"end":{"line":56,"column":30}},"line":56},"4":{"name":"(anonymous_4)","decl":{"start":{"line":59,"column":8},"end":{"line":59,"column":30}},"loc":{"start":{"line":59,"column":42},"end":{"line":62,"column":null}},"line":59},"5":{"name":"(anonymous_5)","decl":{"start":{"line":65,"column":8},"end":{"line":65,"column":27}},"loc":{"start":{"line":65,"column":35},"end":{"line":67,"column":null}},"line":65},"6":{"name":"(anonymous_6)","decl":{"start":{"line":70,"column":8},"end":{"line":70,"column":30}},"loc":{"start":{"line":70,"column":50},"end":{"line":72,"column":null}},"line":70},"7":{"name":"(anonymous_7)","decl":{"start":{"line":109,"column":8},"end":{"line":109,"column":23}},"loc":{"start":{"line":109,"column":23},"end":{"line":109,"column":52}},"line":109},"8":{"name":"(anonymous_8)","decl":{"start":{"line":114,"column":8},"end":{"line":114,"column":33}},"loc":{"start":{"line":114,"column":33},"end":{"line":114,"column":null}},"line":114},"9":{"name":"(anonymous_9)","decl":{"start":{"line":131,"column":16},"end":{"line":131,"column":25}},"loc":{"start":{"line":131,"column":49},"end":{"line":133,"column":null}},"line":131},"10":{"name":"(anonymous_10)","decl":{"start":{"line":136,"column":16},"end":{"line":136,"column":32}},"loc":{"start":{"line":136,"column":32},"end":{"line":136,"column":null}},"line":136},"11":{"name":"(anonymous_11)","decl":{"start":{"line":159,"column":53},"end":{"line":159,"column":68}},"loc":{"start":{"line":159,"column":68},"end":{"line":159,"column":92}},"line":159},"12":{"name":"(anonymous_12)","decl":{"start":{"line":166,"column":16},"end":{"line":166,"column":31}},"loc":{"start":{"line":166,"column":31},"end":{"line":166,"column":82}},"line":166},"13":{"name":"(anonymous_13)","decl":{"start":{"line":174,"column":16},"end":{"line":174,"column":31}},"loc":{"start":{"line":174,"column":31},"end":{"line":174,"column":88}},"line":174},"14":{"name":"(anonymous_14)","decl":{"start":{"line":186,"column":16},"end":{"line":186,"column":31}},"loc":{"start":{"line":186,"column":31},"end":{"line":186,"column":51}},"line":186},"15":{"name":"(anonymous_15)","decl":{"start":{"line":197,"column":10},"end":{"line":197,"column":25}},"loc":{"start":{"line":197,"column":25},"end":{"line":197,"column":53}},"line":197},"16":{"name":"(anonymous_16)","decl":{"start":{"line":209,"column":8},"end":{"line":209,"column":23}},"loc":{"start":{"line":209,"column":23},"end":{"line":209,"column":53}},"line":209},"17":{"name":"(anonymous_17)","decl":{"start":{"line":212,"column":8},"end":{"line":212,"column":17}},"loc":{"start":{"line":212,"column":26},"end":{"line":214,"column":null}},"line":212},"18":{"name":"(anonymous_18)","decl":{"start":{"line":221,"column":8},"end":{"line":221,"column":23}},"loc":{"start":{"line":221,"column":23},"end":{"line":221,"column":50}},"line":221}},"branchMap":{"0":{"loc":{"start":{"line":44,"column":6},"end":{"line":53,"column":null}},"type":"if","locations":[{"start":{"line":44,"column":6},"end":{"line":53,"column":null}},{"start":{},"end":{}}],"line":44},"1":{"loc":{"start":{"line":49,"column":23},"end":{"line":49,"column":null}},"type":"binary-expr","locations":[{"start":{"line":49,"column":23},"end":{"line":49,"column":51}},{"start":{"line":49,"column":51},"end":{"line":49,"column":null}}],"line":49},"2":{"loc":{"start":{"line":49,"column":51},"end":{"line":49,"column":null}},"type":"cond-expr","locations":[{"start":{"line":49,"column":77},"end":{"line":49,"column":96}},{"start":{"line":49,"column":96},"end":{"line":49,"column":null}}],"line":49},"3":{"loc":{"start":{"line":51,"column":20},"end":{"line":51,"column":null}},"type":"binary-expr","locations":[{"start":{"line":51,"column":20},"end":{"line":51,"column":44}},{"start":{"line":51,"column":44},"end":{"line":51,"column":null}}],"line":51},"4":{"loc":{"start":{"line":62,"column":4},"end":{"line":62,"column":null}},"type":"if","locations":[{"start":{"line":62,"column":4},"end":{"line":62,"column":null}},{"start":{},"end":{}}],"line":62},"5":{"loc":{"start":{"line":67,"column":4},"end":{"line":67,"column":null}},"type":"if","locations":[{"start":{"line":67,"column":4},"end":{"line":67,"column":null}},{"start":{},"end":{}}],"line":67},"6":{"loc":{"start":{"line":70,"column":30},"end":{"line":70,"column":50}},"type":"default-arg","locations":[{"start":{"line":70,"column":41},"end":{"line":70,"column":50}}],"line":70},"7":{"loc":{"start":{"line":75,"column":2},"end":{"line":89,"column":null}},"type":"if","locations":[{"start":{"line":75,"column":2},"end":{"line":89,"column":null}},{"start":{},"end":{}}],"line":75},"8":{"loc":{"start":{"line":93,"column":2},"end":{"line":94,"column":null}},"type":"if","locations":[{"start":{"line":93,"column":2},"end":{"line":94,"column":null}},{"start":{},"end":{}}],"line":93},"9":{"loc":{"start":{"line":97,"column":26},"end":{"line":97,"column":null}},"type":"cond-expr","locations":[{"start":{"line":97,"column":44},"end":{"line":97,"column":76}},{"start":{"line":97,"column":76},"end":{"line":97,"column":null}}],"line":97},"10":{"loc":{"start":{"line":118,"column":9},"end":{"line":124,"column":null}},"type":"binary-expr","locations":[{"start":{"line":118,"column":9},"end":{"line":118,"column":null}},{"start":{"line":119,"column":10},"end":{"line":124,"column":null}}],"line":118},"11":{"loc":{"start":{"line":127,"column":9},"end":{"line":146,"column":null}},"type":"cond-expr","locations":[{"start":{"line":128,"column":10},"end":{"line":140,"column":11}},{"start":{"line":140,"column":10},"end":{"line":146,"column":null}}],"line":127},"12":{"loc":{"start":{"line":150,"column":9},"end":{"line":189,"column":null}},"type":"binary-expr","locations":[{"start":{"line":150,"column":9},"end":{"line":150,"column":28}},{"start":{"line":150,"column":28},"end":{"line":150,"column":null}},{"start":{"line":151,"column":10},"end":{"line":189,"column":null}}],"line":150},"13":{"loc":{"start":{"line":167,"column":25},"end":{"line":167,"column":null}},"type":"cond-expr","locations":[{"start":{"line":167,"column":66},"end":{"line":167,"column":78}},{"start":{"line":167,"column":78},"end":{"line":167,"column":null}}],"line":167},"14":{"loc":{"start":{"line":168,"column":71},"end":{"line":168,"column":null}},"type":"cond-expr","locations":[{"start":{"line":168,"column":112},"end":{"line":168,"column":148}},{"start":{"line":168,"column":148},"end":{"line":168,"column":null}}],"line":168},"15":{"loc":{"start":{"line":175,"column":25},"end":{"line":175,"column":null}},"type":"cond-expr","locations":[{"start":{"line":175,"column":72},"end":{"line":175,"column":84}},{"start":{"line":175,"column":84},"end":{"line":175,"column":null}}],"line":175},"16":{"loc":{"start":{"line":176,"column":71},"end":{"line":176,"column":null}},"type":"cond-expr","locations":[{"start":{"line":176,"column":118},"end":{"line":176,"column":152}},{"start":{"line":176,"column":152},"end":{"line":176,"column":null}}],"line":176},"17":{"loc":{"start":{"line":183,"column":13},"end":{"line":189,"column":null}},"type":"binary-expr","locations":[{"start":{"line":183,"column":13},"end":{"line":183,"column":null}},{"start":{"line":184,"column":14},"end":{"line":189,"column":null}}],"line":183},"18":{"loc":{"start":{"line":213,"column":10},"end":{"line":214,"column":null}},"type":"if","locations":[{"start":{"line":213,"column":10},"end":{"line":214,"column":null}},{"start":{},"end":{}}],"line":213}},"s":{"0":15,"1":15,"2":15,"3":15,"4":15,"5":15,"6":15,"7":15,"8":15,"9":15,"10":5,"11":5,"12":5,"13":5,"14":5,"15":5,"16":5,"17":5,"18":15,"19":2,"20":2,"21":2,"22":0,"23":15,"24":3,"25":3,"26":0,"27":15,"28":0,"29":0,"30":15,"31":5,"32":10,"33":0,"34":10,"35":15,"36":0,"37":0,"38":0,"39":0,"40":0,"41":0,"42":0,"43":0,"44":0,"45":0,"46":0,"47":0,"48":0,"49":0},"f":{"0":15,"1":5,"2":5,"3":5,"4":2,"5":3,"6":0,"7":0,"8":0,"9":0,"10":0,"11":0,"12":0,"13":0,"14":0,"15":0,"16":0,"17":0,"18":0},"b":{"0":[5,0],"1":[5,0],"2":[0,0],"3":[5,5],"4":[0,2],"5":[0,3],"6":[0],"7":[5,10],"8":[0,10],"9":[2,8],"10":[15,0],"11":[1,9],"12":[15,2,2],"13":[2,0],"14":[2,0],"15":[0,2],"16":[0,2],"17":[2,2],"18":[0,0]},"meta":{"lastBranch":19,"lastFunction":19,"lastStatement":50,"seen":{"f:23:9:23:15":0,"s:24:15:24:40":0,"s:25:22:25:54":1,"s:26:26:26:62":2,"s:27:30:27:71":3,"s:28:31:28:73":4,"s:29:26:29:62":5,"s:30:20:30:51":6,"s:31:28:31:67":7,"s:36:27:37:27":8,"s:39:2:57:Infinity":9,"f:39:2:39:18":1,"s:40:10:55:Infinity":10,"f:40:49:40:56":2,"s:41:6:41:Infinity":11,"s:42:6:42:Infinity":12,"b:44:6:53:Infinity:undefined:undefined:undefined:undefined":0,"s:44:6:53:Infinity":13,"s:46:14:46:57":14,"s:47:8:53:Infinity":15,"b:49:23:49:51:49:51:49:Infinity":1,"b:49:77:49:96:49:96:49:Infinity":2,"b:51:20:51:44:51:44:51:Infinity":3,"s:56:4:56:Infinity":16,"f:56:4:56:17":3,"s:56:17:56:30":17,"s:59:8:62:Infinity":18,"f:59:8:59:30":4,"s:60:4:60:Infinity":19,"s:61:4:61:Infinity":20,"b:62:4:62:Infinity:undefined:undefined:undefined:undefined":4,"s:62:4:62:Infinity":21,"s:62:29:62:Infinity":22,"s:65:8:67:Infinity":23,"f:65:8:65:27":5,"s:66:4:66:Infinity":24,"b:67:4:67:Infinity:undefined:undefined:undefined:undefined":5,"s:67:4:67:Infinity":25,"s:67:29:67:Infinity":26,"s:70:8:72:Infinity":27,"f:70:8:70:30":6,"b:70:41:70:50":6,"s:71:4:71:Infinity":28,"s:72:4:72:Infinity":29,"b:75:2:89:Infinity:undefined:undefined:undefined:undefined":7,"s:75:2:89:Infinity":30,"s:76:4:89:Infinity":31,"b:93:2:94:Infinity:undefined:undefined:undefined:undefined":8,"s:93:2:94:Infinity":32,"s:94:4:94:Infinity":33,"s:97:26:97:Infinity":34,"b:97:44:97:76:97:76:97:Infinity":9,"s:99:2:226:Infinity":35,"f:109:8:109:23":7,"s:109:23:109:52":36,"f:114:8:114:33":8,"s:114:33:114:Infinity":37,"b:118:9:118:Infinity:119:10:124:Infinity":10,"b:128:10:140:11:140:10:146:Infinity":11,"f:131:16:131:25":9,"s:132:18:132:Infinity":38,"s:133:18:133:Infinity":39,"f:136:16:136:32":10,"s:136:32:136:Infinity":40,"b:150:9:150:28:150:28:150:Infinity:151:10:189:Infinity":12,"f:159:53:159:68":11,"s:159:68:159:92":41,"f:166:16:166:31":12,"s:166:31:166:82":42,"b:167:66:167:78:167:78:167:Infinity":13,"b:168:112:168:148:168:148:168:Infinity":14,"f:174:16:174:31":13,"s:174:31:174:88":43,"b:175:72:175:84:175:84:175:Infinity":15,"b:176:118:176:152:176:152:176:Infinity":16,"b:183:13:183:Infinity:184:14:189:Infinity":17,"f:186:16:186:31":14,"s:186:31:186:51":44,"f:197:10:197:25":15,"s:197:25:197:53":45,"f:209:8:209:23":16,"s:209:23:209:53":46,"f:212:8:212:17":17,"b:213:10:214:Infinity:undefined:undefined:undefined:undefined":18,"s:213:10:214:Infinity":47,"s:214:12:214:Infinity":48,"f:221:8:221:23":18,"s:221:23:221:50":49}}}
,"/Users/maria.araujo/gemini/src/components/Auth.jsx": {"path":"/Users/maria.araujo/gemini/src/components/Auth.jsx","statementMap":{"0":{"start":{"line":13,"column":6},"end":{"line":172,"column":null}},"1":{"start":{"line":14,"column":18},"end":{"line":14,"column":46}},"2":{"start":{"line":15,"column":16},"end":{"line":15,"column":40}},"3":{"start":{"line":16,"column":19},"end":{"line":16,"column":46}},"4":{"start":{"line":17,"column":15},"end":{"line":17,"column":38}},"5":{"start":{"line":18,"column":16},"end":{"line":18,"column":40}},"6":{"start":{"line":19,"column":18},"end":{"line":19,"column":47}},"7":{"start":{"line":21,"column":29},"end":{"line":31,"column":null}},"8":{"start":{"line":22,"column":4},"end":{"line":22,"column":null}},"9":{"start":{"line":23,"column":4},"end":{"line":23,"column":null}},"10":{"start":{"line":24,"column":21},"end":{"line":24,"column":45}},"11":{"start":{"line":25,"column":4},"end":{"line":31,"column":null}},"12":{"start":{"line":26,"column":6},"end":{"line":26,"column":null}},"13":{"start":{"line":28,"column":6},"end":{"line":28,"column":null}},"14":{"start":{"line":29,"column":6},"end":{"line":29,"column":null}},"15":{"start":{"line":31,"column":6},"end":{"line":31,"column":null}},"16":{"start":{"line":35,"column":28},"end":{"line":44,"column":null}},"17":{"start":{"line":36,"column":4},"end":{"line":36,"column":null}},"18":{"start":{"line":37,"column":4},"end":{"line":37,"column":null}},"19":{"start":{"line":38,"column":4},"end":{"line":44,"column":null}},"20":{"start":{"line":39,"column":6},"end":{"line":39,"column":null}},"21":{"start":{"line":41,"column":6},"end":{"line":41,"column":null}},"22":{"start":{"line":42,"column":6},"end":{"line":42,"column":null}},"23":{"start":{"line":44,"column":6},"end":{"line":44,"column":null}},"24":{"start":{"line":48,"column":23},"end":{"line":64,"column":null}},"25":{"start":{"line":49,"column":4},"end":{"line":49,"column":null}},"26":{"start":{"line":50,"column":4},"end":{"line":50,"column":null}},"27":{"start":{"line":51,"column":4},"end":{"line":51,"column":null}},"28":{"start":{"line":53,"column":4},"end":{"line":64,"column":null}},"29":{"start":{"line":54,"column":6},"end":{"line":58,"column":null}},"30":{"start":{"line":55,"column":8},"end":{"line":55,"column":null}},"31":{"start":{"line":57,"column":31},"end":{"line":57,"column":90}},"32":{"start":{"line":58,"column":8},"end":{"line":58,"column":null}},"33":{"start":{"line":61,"column":6},"end":{"line":61,"column":null}},"34":{"start":{"line":62,"column":6},"end":{"line":62,"column":null}},"35":{"start":{"line":64,"column":6},"end":{"line":64,"column":null}},"36":{"start":{"line":68,"column":2},"end":{"line":172,"column":null}},"37":{"start":{"line":90,"column":33},"end":{"line":90,"column":56}},"38":{"start":{"line":103,"column":31},"end":{"line":103,"column":55}},"39":{"start":{"line":115,"column":31},"end":{"line":115,"column":58}},"40":{"start":{"line":165,"column":27},"end":{"line":165,"column":47}}},"fnMap":{"0":{"name":"(anonymous_0)","decl":{"start":{"line":13,"column":6},"end":{"line":13,"column":19}},"loc":{"start":{"line":13,"column":19},"end":{"line":172,"column":null}},"line":13},"1":{"name":"(anonymous_1)","decl":{"start":{"line":21,"column":29},"end":{"line":21,"column":41}},"loc":{"start":{"line":21,"column":41},"end":{"line":31,"column":null}},"line":21},"2":{"name":"(anonymous_2)","decl":{"start":{"line":35,"column":28},"end":{"line":35,"column":40}},"loc":{"start":{"line":35,"column":40},"end":{"line":44,"column":null}},"line":35},"3":{"name":"(anonymous_3)","decl":{"start":{"line":48,"column":23},"end":{"line":48,"column":30}},"loc":{"start":{"line":48,"column":36},"end":{"line":64,"column":null}},"line":48},"4":{"name":"(anonymous_4)","decl":{"start":{"line":90,"column":16},"end":{"line":90,"column":27}},"loc":{"start":{"line":90,"column":33},"end":{"line":90,"column":56}},"line":90},"5":{"name":"(anonymous_5)","decl":{"start":{"line":103,"column":14},"end":{"line":103,"column":25}},"loc":{"start":{"line":103,"column":31},"end":{"line":103,"column":55}},"line":103},"6":{"name":"(anonymous_6)","decl":{"start":{"line":115,"column":14},"end":{"line":115,"column":25}},"loc":{"start":{"line":115,"column":31},"end":{"line":115,"column":58}},"line":115},"7":{"name":"(anonymous_7)","decl":{"start":{"line":165,"column":12},"end":{"line":165,"column":27}},"loc":{"start":{"line":165,"column":27},"end":{"line":165,"column":47}},"line":165}},"branchMap":{"0":{"loc":{"start":{"line":54,"column":6},"end":{"line":58,"column":null}},"type":"if","locations":[{"start":{"line":54,"column":6},"end":{"line":58,"column":null}},{"start":{"line":56,"column":13},"end":{"line":58,"column":null}}],"line":54},"1":{"loc":{"start":{"line":77,"column":13},"end":{"line":77,"column":null}},"type":"cond-expr","locations":[{"start":{"line":77,"column":23},"end":{"line":77,"column":52}},{"start":{"line":77,"column":52},"end":{"line":77,"column":null}}],"line":77},"2":{"loc":{"start":{"line":82,"column":11},"end":{"line":92,"column":null}},"type":"binary-expr","locations":[{"start":{"line":82,"column":11},"end":{"line":82,"column":null}},{"start":{"line":83,"column":12},"end":{"line":92,"column":null}}],"line":82},"3":{"loc":{"start":{"line":120,"column":11},"end":{"line":123,"column":null}},"type":"binary-expr","locations":[{"start":{"line":120,"column":11},"end":{"line":120,"column":null}},{"start":{"line":121,"column":12},"end":{"line":123,"column":null}}],"line":120},"4":{"loc":{"start":{"line":131,"column":13},"end":{"line":131,"column":null}},"type":"cond-expr","locations":[{"start":{"line":131,"column":23},"end":{"line":131,"column":42}},{"start":{"line":131,"column":42},"end":{"line":131,"column":null}}],"line":131},"5":{"loc":{"start":{"line":131,"column":42},"end":{"line":131,"column":null}},"type":"cond-expr","locations":[{"start":{"line":131,"column":52},"end":{"line":131,"column":62}},{"start":{"line":131,"column":62},"end":{"line":131,"column":null}}],"line":131},"6":{"loc":{"start":{"line":132,"column":13},"end":{"line":132,"column":null}},"type":"binary-expr","locations":[{"start":{"line":132,"column":13},"end":{"line":132,"column":25}},{"start":{"line":132,"column":25},"end":{"line":132,"column":null}}],"line":132},"7":{"loc":{"start":{"line":168,"column":13},"end":{"line":168,"column":null}},"type":"cond-expr","locations":[{"start":{"line":168,"column":23},"end":{"line":168,"column":58}},{"start":{"line":168,"column":58},"end":{"line":168,"column":null}}],"line":168}},"s":{"0":2,"1":21,"2":21,"3":21,"4":21,"5":21,"6":21,"7":21,"8":1,"9":1,"10":1,"11":1,"12":1,"13":0,"14":0,"15":1,"16":21,"17":1,"18":1,"19":1,"20":1,"21":0,"22":0,"23":1,"24":21,"25":2,"26":2,"27":2,"28":2,"29":2,"30":1,"31":1,"32":1,"33":0,"34":0,"35":2,"36":21,"37":1,"38":2,"39":2,"40":2},"f":{"0":21,"1":1,"2":1,"3":2,"4":1,"5":2,"6":2,"7":2},"b":{"0":[1,1],"1":[14,7],"2":[21,7],"3":[21,0],"4":[4,17],"5":[11,6],"6":[21,17],"7":[14,7]},"meta":{"lastBranch":8,"lastFunction":8,"lastStatement":41,"seen":{"s:13:6:172:Infinity":0,"f:13:6:13:19":0,"s:14:18:14:46":1,"s:15:16:15:40":2,"s:16:19:16:46":3,"s:17:15:17:38":4,"s:18:16:18:40":5,"s:19:18:19:47":6,"s:21:29:31:Infinity":7,"f:21:29:21:41":1,"s:22:4:22:Infinity":8,"s:23:4:23:Infinity":9,"s:24:21:24:45":10,"s:25:4:31:Infinity":11,"s:26:6:26:Infinity":12,"s:28:6:28:Infinity":13,"s:29:6:29:Infinity":14,"s:31:6:31:Infinity":15,"s:35:28:44:Infinity":16,"f:35:28:35:40":2,"s:36:4:36:Infinity":17,"s:37:4:37:Infinity":18,"s:38:4:44:Infinity":19,"s:39:6:39:Infinity":20,"s:41:6:41:Infinity":21,"s:42:6:42:Infinity":22,"s:44:6:44:Infinity":23,"s:48:23:64:Infinity":24,"f:48:23:48:30":3,"s:49:4:49:Infinity":25,"s:50:4:50:Infinity":26,"s:51:4:51:Infinity":27,"s:53:4:64:Infinity":28,"b:54:6:58:Infinity:56:13:58:Infinity":0,"s:54:6:58:Infinity":29,"s:55:8:55:Infinity":30,"s:57:31:57:90":31,"s:58:8:58:Infinity":32,"s:61:6:61:Infinity":33,"s:62:6:62:Infinity":34,"s:64:6:64:Infinity":35,"s:68:2:172:Infinity":36,"b:77:23:77:52:77:52:77:Infinity":1,"b:82:11:82:Infinity:83:12:92:Infinity":2,"f:90:16:90:27":4,"s:90:33:90:56":37,"f:103:14:103:25":5,"s:103:31:103:55":38,"f:115:14:115:25":6,"s:115:31:115:58":39,"b:120:11:120:Infinity:121:12:123:Infinity":3,"b:131:23:131:42:131:42:131:Infinity":4,"b:131:52:131:62:131:62:131:Infinity":5,"b:132:13:132:25:132:25:132:Infinity":6,"f:165:12:165:27":7,"s:165:27:165:47":40,"b:168:23:168:58:168:58:168:Infinity":7}}}
,"/Users/maria.araujo/gemini/src/components/FindFriendsModal.jsx": {"path":"/Users/maria.araujo/gemini/src/components/FindFriendsModal.jsx","statementMap":{"0":{"start":{"line":16,"column":6},"end":{"line":120,"column":null}},"1":{"start":{"line":17,"column":21},"end":{"line":17,"column":50}},"2":{"start":{"line":18,"column":18},"end":{"line":18,"column":44}},"3":{"start":{"line":19,"column":18},"end":{"line":19,"column":47}},"4":{"start":{"line":21,"column":23},"end":{"line":47,"column":null}},"5":{"start":{"line":22,"column":4},"end":{"line":22,"column":null}},"6":{"start":{"line":23,"column":4},"end":{"line":23,"column":null}},"7":{"start":{"line":23,"column":28},"end":{"line":23,"column":null}},"8":{"start":{"line":25,"column":4},"end":{"line":25,"column":null}},"9":{"start":{"line":26,"column":4},"end":{"line":47,"column":null}},"10":{"start":{"line":28,"column":12},"end":{"line":28,"column":46}},"11":{"start":{"line":29,"column":12},"end":{"line":32,"column":null}},"12":{"start":{"line":35,"column":28},"end":{"line":35,"column":44}},"13":{"start":{"line":36,"column":20},"end":{"line":36,"column":22}},"14":{"start":{"line":37,"column":6},"end":{"line":42,"column":null}},"15":{"start":{"line":38,"column":21},"end":{"line":38,"column":31}},"16":{"start":{"line":39,"column":8},"end":{"line":40,"column":null}},"17":{"start":{"line":40,"column":10},"end":{"line":40,"column":null}},"18":{"start":{"line":43,"column":6},"end":{"line":43,"column":null}},"19":{"start":{"line":45,"column":6},"end":{"line":45,"column":null}},"20":{"start":{"line":47,"column":6},"end":{"line":47,"column":null}},"21":{"start":{"line":51,"column":8},"end":{"line":51,"column":60}},"22":{"start":{"line":51,"column":34},"end":{"line":51,"column":60}},"23":{"start":{"line":53,"column":2},"end":{"line":120,"column":null}},"24":{"start":{"line":54,"column":50},"end":{"line":54,"column":68}},"25":{"start":{"line":70,"column":31},"end":{"line":70,"column":null}},"26":{"start":{"line":84,"column":12},"end":{"line":116,"column":null}},"27":{"start":{"line":103,"column":33},"end":{"line":103,"column":53}},"28":{"start":{"line":111,"column":33},"end":{"line":111,"column":51}}},"fnMap":{"0":{"name":"(anonymous_0)","decl":{"start":{"line":16,"column":6},"end":{"line":16,"column":26}},"loc":{"start":{"line":16,"column":98},"end":{"line":120,"column":null}},"line":16},"1":{"name":"(anonymous_1)","decl":{"start":{"line":21,"column":23},"end":{"line":21,"column":30}},"loc":{"start":{"line":21,"column":36},"end":{"line":47,"column":null}},"line":21},"2":{"name":"(anonymous_2)","decl":{"start":{"line":37,"column":20},"end":{"line":37,"column":29}},"loc":{"start":{"line":37,"column":37},"end":{"line":42,"column":null}},"line":37},"3":{"name":"(anonymous_3)","decl":{"start":{"line":51,"column":8},"end":{"line":51,"column":23}},"loc":{"start":{"line":51,"column":34},"end":{"line":51,"column":60}},"line":51},"4":{"name":"(anonymous_4)","decl":{"start":{"line":54,"column":26},"end":{"line":54,"column":41}},"loc":{"start":{"line":54,"column":50},"end":{"line":54,"column":68}},"line":54},"5":{"name":"(anonymous_5)","decl":{"start":{"line":70,"column":14},"end":{"line":70,"column":25}},"loc":{"start":{"line":70,"column":31},"end":{"line":70,"column":null}},"line":70},"6":{"name":"(anonymous_6)","decl":{"start":{"line":83,"column":19},"end":{"line":83,"column":24}},"loc":{"start":{"line":84,"column":12},"end":{"line":116,"column":null}},"line":84},"7":{"name":"(anonymous_7)","decl":{"start":{"line":103,"column":18},"end":{"line":103,"column":33}},"loc":{"start":{"line":103,"column":33},"end":{"line":103,"column":53}},"line":103},"8":{"name":"(anonymous_8)","decl":{"start":{"line":111,"column":18},"end":{"line":111,"column":33}},"loc":{"start":{"line":111,"column":33},"end":{"line":111,"column":51}},"line":111}},"branchMap":{"0":{"loc":{"start":{"line":23,"column":4},"end":{"line":23,"column":null}},"type":"if","locations":[{"start":{"line":23,"column":4},"end":{"line":23,"column":null}},{"start":{},"end":{}}],"line":23},"1":{"loc":{"start":{"line":39,"column":8},"end":{"line":40,"column":null}},"type":"if","locations":[{"start":{"line":39,"column":8},"end":{"line":40,"column":null}},{"start":{},"end":{}}],"line":39},"2":{"loc":{"start":{"line":54,"column":50},"end":{"line":54,"column":68}},"type":"binary-expr","locations":[{"start":{"line":54,"column":50},"end":{"line":54,"column":59}},{"start":{"line":54,"column":59},"end":{"line":54,"column":68}}],"line":54},"3":{"loc":{"start":{"line":74,"column":13},"end":{"line":74,"column":null}},"type":"cond-expr","locations":[{"start":{"line":74,"column":23},"end":{"line":74,"column":null}},{"start":{"line":74,"column":70},"end":{"line":74,"column":null}}],"line":74},"4":{"loc":{"start":{"line":79,"column":11},"end":{"line":83,"column":19}},"type":"binary-expr","locations":[{"start":{"line":79,"column":11},"end":{"line":79,"column":35}},{"start":{"line":79,"column":35},"end":{"line":79,"column":47}},{"start":{"line":79,"column":47},"end":{"line":79,"column":null}},{"start":{"line":80,"column":12},"end":{"line":83,"column":19}}],"line":79},"5":{"loc":{"start":{"line":98,"column":15},"end":{"line":113,"column":null}},"type":"cond-expr","locations":[{"start":{"line":99,"column":16},"end":{"line":108,"column":17}},{"start":{"line":108,"column":16},"end":{"line":113,"column":null}}],"line":98}},"s":{"0":2,"1":19,"2":19,"3":19,"4":19,"5":2,"6":2,"7":0,"8":2,"9":2,"10":2,"11":2,"12":2,"13":2,"14":2,"15":2,"16":2,"17":2,"18":2,"19":0,"20":2,"21":19,"22":2,"23":19,"24":0,"25":2,"26":2,"27":1,"28":1},"f":{"0":19,"1":2,"2":2,"3":2,"4":0,"5":2,"6":2,"7":1,"8":1},"b":{"0":[0,2],"1":[2,0],"2":[0,0],"3":[2,17],"4":[19,18,16,3],"5":[1,1]},"meta":{"lastBranch":6,"lastFunction":9,"lastStatement":29,"seen":{"s:16:6:120:Infinity":0,"f:16:6:16:26":0,"s:17:21:17:50":1,"s:18:18:18:44":2,"s:19:18:19:47":3,"s:21:23:47:Infinity":4,"f:21:23:21:30":1,"s:22:4:22:Infinity":5,"b:23:4:23:Infinity:undefined:undefined:undefined:undefined":0,"s:23:4:23:Infinity":6,"s:23:28:23:Infinity":7,"s:25:4:25:Infinity":8,"s:26:4:47:Infinity":9,"s:28:12:28:46":10,"s:29:12:32:Infinity":11,"s:35:28:35:44":12,"s:36:20:36:22":13,"s:37:6:42:Infinity":14,"f:37:20:37:29":2,"s:38:21:38:31":15,"b:39:8:40:Infinity:undefined:undefined:undefined:undefined":1,"s:39:8:40:Infinity":16,"s:40:10:40:Infinity":17,"s:43:6:43:Infinity":18,"s:45:6:45:Infinity":19,"s:47:6:47:Infinity":20,"s:51:8:51:60":21,"f:51:8:51:23":3,"s:51:34:51:60":22,"s:53:2:120:Infinity":23,"f:54:26:54:41":4,"s:54:50:54:68":24,"b:54:50:54:59:54:59:54:68":2,"f:70:14:70:25":5,"s:70:31:70:Infinity":25,"b:74:23:74:Infinity:74:70:74:Infinity":3,"b:79:11:79:35:79:35:79:47:79:47:79:Infinity:80:12:83:19":4,"f:83:19:83:24":6,"s:84:12:116:Infinity":26,"b:99:16:108:17:108:16:113:Infinity":5,"f:103:18:103:33":7,"s:103:33:103:53":27,"f:111:18:111:33":8,"s:111:33:111:51":28}}}
,"/Users/maria.araujo/gemini/src/components/ItineraryModal.jsx": {"path":"/Users/maria.araujo/gemini/src/components/ItineraryModal.jsx","statementMap":{"0":{"start":{"line":17,"column":6},"end":{"line":248,"column":null}},"1":{"start":{"line":18,"column":15},"end":{"line":18,"column":38}},"2":{"start":{"line":19,"column":17},"end":{"line":19,"column":42}},"3":{"start":{"line":20,"column":25},"end":{"line":20,"column":58}},"4":{"start":{"line":21,"column":18},"end":{"line":21,"column":44}},"5":{"start":{"line":22,"column":15},"end":{"line":22,"column":38}},"6":{"start":{"line":23,"column":19},"end":{"line":23,"column":49}},"7":{"start":{"line":25,"column":2},"end":{"line":34,"column":null}},"8":{"start":{"line":26,"column":4},"end":{"line":32,"column":null}},"9":{"start":{"line":27,"column":6},"end":{"line":27,"column":null}},"10":{"start":{"line":28,"column":6},"end":{"line":28,"column":null}},"11":{"start":{"line":29,"column":6},"end":{"line":29,"column":null}},"12":{"start":{"line":30,"column":6},"end":{"line":30,"column":null}},"13":{"start":{"line":31,"column":6},"end":{"line":31,"column":null}},"14":{"start":{"line":32,"column":6},"end":{"line":32,"column":null}},"15":{"start":{"line":36,"column":8},"end":{"line":37,"column":null}},"16":{"start":{"line":37,"column":4},"end":{"line":37,"column":null}},"17":{"start":{"line":40,"column":8},"end":{"line":43,"column":null}},"18":{"start":{"line":41,"column":23},"end":{"line":41,"column":35}},"19":{"start":{"line":42,"column":4},"end":{"line":42,"column":null}},"20":{"start":{"line":43,"column":4},"end":{"line":43,"column":null}},"21":{"start":{"line":46,"column":8},"end":{"line":49,"column":null}},"22":{"start":{"line":47,"column":23},"end":{"line":47,"column":35}},"23":{"start":{"line":48,"column":4},"end":{"line":48,"column":null}},"24":{"start":{"line":49,"column":4},"end":{"line":49,"column":null}},"25":{"start":{"line":52,"column":8},"end":{"line":68,"column":null}},"26":{"start":{"line":53,"column":4},"end":{"line":53,"column":null}},"27":{"start":{"line":54,"column":24},"end":{"line":54,"column":82}},"28":{"start":{"line":54,"column":51},"end":{"line":54,"column":59}},"29":{"start":{"line":54,"column":73},"end":{"line":54,"column":82}},"30":{"start":{"line":57,"column":25},"end":{"line":57,"column":100}},"31":{"start":{"line":57,"column":45},"end":{"line":57,"column":99}},"32":{"start":{"line":59,"column":4},"end":{"line":67,"column":null}},"33":{"start":{"line":68,"column":4},"end":{"line":68,"column":null}},"34":{"start":{"line":71,"column":2},"end":{"line":248,"column":null}},"35":{"start":{"line":72,"column":50},"end":{"line":72,"column":68}},"36":{"start":{"line":109,"column":35},"end":{"line":109,"column":58}},"37":{"start":{"line":123,"column":35},"end":{"line":123,"column":null}},"38":{"start":{"line":139,"column":33},"end":{"line":139,"column":null}},"39":{"start":{"line":170,"column":16},"end":{"line":210,"column":null}},"40":{"start":{"line":175,"column":35},"end":{"line":175,"column":60}},"41":{"start":{"line":188,"column":41},"end":{"line":188,"column":null}},"42":{"start":{"line":197,"column":41},"end":{"line":197,"column":null}},"43":{"start":{"line":207,"column":39},"end":{"line":207,"column":null}},"44":{"start":{"line":226,"column":33},"end":{"line":226,"column":null}}},"fnMap":{"0":{"name":"(anonymous_0)","decl":{"start":{"line":17,"column":6},"end":{"line":17,"column":24}},"loc":{"start":{"line":17,"column":83},"end":{"line":248,"column":null}},"line":17},"1":{"name":"(anonymous_1)","decl":{"start":{"line":25,"column":2},"end":{"line":25,"column":18}},"loc":{"start":{"line":25,"column":18},"end":{"line":34,"column":6}},"line":25},"2":{"name":"(anonymous_2)","decl":{"start":{"line":36,"column":8},"end":{"line":36,"column":32}},"loc":{"start":{"line":36,"column":32},"end":{"line":37,"column":null}},"line":36},"3":{"name":"(anonymous_3)","decl":{"start":{"line":40,"column":8},"end":{"line":40,"column":30}},"loc":{"start":{"line":40,"column":54},"end":{"line":43,"column":null}},"line":40},"4":{"name":"(anonymous_4)","decl":{"start":{"line":46,"column":8},"end":{"line":46,"column":30}},"loc":{"start":{"line":46,"column":40},"end":{"line":49,"column":null}},"line":46},"5":{"name":"(anonymous_5)","decl":{"start":{"line":52,"column":8},"end":{"line":52,"column":24}},"loc":{"start":{"line":52,"column":30},"end":{"line":68,"column":null}},"line":52},"6":{"name":"(anonymous_6)","decl":{"start":{"line":54,"column":42},"end":{"line":54,"column":46}},"loc":{"start":{"line":54,"column":51},"end":{"line":54,"column":59}},"line":54},"7":{"name":"(anonymous_7)","decl":{"start":{"line":54,"column":61},"end":{"line":54,"column":68}},"loc":{"start":{"line":54,"column":73},"end":{"line":54,"column":82}},"line":54},"8":{"name":"(anonymous_8)","decl":{"start":{"line":57,"column":33},"end":{"line":57,"column":40}},"loc":{"start":{"line":57,"column":45},"end":{"line":57,"column":99}},"line":57},"9":{"name":"(anonymous_9)","decl":{"start":{"line":72,"column":26},"end":{"line":72,"column":41}},"loc":{"start":{"line":72,"column":50},"end":{"line":72,"column":68}},"line":72},"10":{"name":"(anonymous_10)","decl":{"start":{"line":109,"column":18},"end":{"line":109,"column":29}},"loc":{"start":{"line":109,"column":35},"end":{"line":109,"column":58}},"line":109},"11":{"name":"(anonymous_11)","decl":{"start":{"line":123,"column":18},"end":{"line":123,"column":29}},"loc":{"start":{"line":123,"column":35},"end":{"line":123,"column":null}},"line":123},"12":{"name":"(anonymous_12)","decl":{"start":{"line":139,"column":16},"end":{"line":139,"column":27}},"loc":{"start":{"line":139,"column":33},"end":{"line":139,"column":null}},"line":139},"13":{"name":"(anonymous_13)","decl":{"start":{"line":169,"column":23},"end":{"line":169,"column":28}},"loc":{"start":{"line":170,"column":16},"end":{"line":210,"column":null}},"line":170},"14":{"name":"(anonymous_14)","decl":{"start":{"line":175,"column":20},"end":{"line":175,"column":35}},"loc":{"start":{"line":175,"column":35},"end":{"line":175,"column":60}},"line":175},"15":{"name":"(anonymous_15)","decl":{"start":{"line":188,"column":24},"end":{"line":188,"column":35}},"loc":{"start":{"line":188,"column":41},"end":{"line":188,"column":null}},"line":188},"16":{"name":"(anonymous_16)","decl":{"start":{"line":197,"column":24},"end":{"line":197,"column":35}},"loc":{"start":{"line":197,"column":41},"end":{"line":197,"column":null}},"line":197},"17":{"name":"(anonymous_17)","decl":{"start":{"line":207,"column":22},"end":{"line":207,"column":33}},"loc":{"start":{"line":207,"column":39},"end":{"line":207,"column":null}},"line":207},"18":{"name":"(anonymous_18)","decl":{"start":{"line":226,"column":16},"end":{"line":226,"column":27}},"loc":{"start":{"line":226,"column":33},"end":{"line":226,"column":null}},"line":226}},"branchMap":{"0":{"loc":{"start":{"line":26,"column":4},"end":{"line":32,"column":null}},"type":"if","locations":[{"start":{"line":26,"column":4},"end":{"line":32,"column":null}},{"start":{},"end":{}}],"line":26},"1":{"loc":{"start":{"line":27,"column":14},"end":{"line":27,"column":39}},"type":"binary-expr","locations":[{"start":{"line":27,"column":14},"end":{"line":27,"column":36}},{"start":{"line":27,"column":36},"end":{"line":27,"column":39}}],"line":27},"2":{"loc":{"start":{"line":28,"column":16},"end":{"line":28,"column":75}},"type":"cond-expr","locations":[{"start":{"line":28,"column":39},"end":{"line":28,"column":69}},{"start":{"line":28,"column":72},"end":{"line":28,"column":75}}],"line":28},"3":{"loc":{"start":{"line":29,"column":24},"end":{"line":29,"column":59}},"type":"binary-expr","locations":[{"start":{"line":29,"column":24},"end":{"line":29,"column":56}},{"start":{"line":29,"column":56},"end":{"line":29,"column":59}}],"line":29},"4":{"loc":{"start":{"line":30,"column":17},"end":{"line":30,"column":44}},"type":"binary-expr","locations":[{"start":{"line":30,"column":17},"end":{"line":30,"column":42}},{"start":{"line":30,"column":42},"end":{"line":30,"column":44}}],"line":30},"5":{"loc":{"start":{"line":31,"column":14},"end":{"line":31,"column":39}},"type":"binary-expr","locations":[{"start":{"line":31,"column":14},"end":{"line":31,"column":36}},{"start":{"line":31,"column":36},"end":{"line":31,"column":39}}],"line":31},"6":{"loc":{"start":{"line":32,"column":18},"end":{"line":32,"column":50}},"type":"binary-expr","locations":[{"start":{"line":32,"column":18},"end":{"line":32,"column":44}},{"start":{"line":32,"column":44},"end":{"line":32,"column":50}}],"line":32},"7":{"loc":{"start":{"line":57,"column":45},"end":{"line":57,"column":99}},"type":"binary-expr","locations":[{"start":{"line":57,"column":45},"end":{"line":57,"column":61}},{"start":{"line":57,"column":65},"end":{"line":57,"column":79}},{"start":{"line":57,"column":83},"end":{"line":57,"column":99}}],"line":57},"8":{"loc":{"start":{"line":61,"column":12},"end":{"line":61,"column":null}},"type":"binary-expr","locations":[{"start":{"line":61,"column":12},"end":{"line":61,"column":23}},{"start":{"line":61,"column":27},"end":{"line":61,"column":null}}],"line":61},"9":{"loc":{"start":{"line":72,"column":50},"end":{"line":72,"column":68}},"type":"binary-expr","locations":[{"start":{"line":72,"column":50},"end":{"line":72,"column":59}},{"start":{"line":72,"column":59},"end":{"line":72,"column":68}}],"line":72},"10":{"loc":{"start":{"line":76,"column":13},"end":{"line":76,"column":null}},"type":"cond-expr","locations":[{"start":{"line":76,"column":28},"end":{"line":76,"column":42}},{"start":{"line":76,"column":42},"end":{"line":76,"column":null}}],"line":76},"11":{"loc":{"start":{"line":163,"column":15},"end":{"line":166,"column":null}},"type":"binary-expr","locations":[{"start":{"line":163,"column":15},"end":{"line":163,"column":null}},{"start":{"line":164,"column":16},"end":{"line":166,"column":null}}],"line":163}},"s":{"0":2,"1":23,"2":23,"3":23,"4":23,"5":23,"6":23,"7":23,"8":9,"9":4,"10":4,"11":4,"12":4,"13":4,"14":4,"15":23,"16":1,"17":23,"18":1,"19":1,"20":1,"21":23,"22":0,"23":0,"24":0,"25":23,"26":3,"27":3,"28":3,"29":3,"30":3,"31":1,"32":3,"33":3,"34":23,"35":0,"36":1,"37":1,"38":0,"39":2,"40":0,"41":1,"42":0,"43":0,"44":0},"f":{"0":23,"1":9,"2":1,"3":1,"4":0,"5":3,"6":3,"7":3,"8":1,"9":0,"10":1,"11":1,"12":0,"13":2,"14":0,"15":1,"16":0,"17":0,"18":0},"b":{"0":[4,5],"1":[4,4],"2":[0,4],"3":[4,4],"4":[4,4],"5":[4,4],"6":[4,4],"7":[1,0,0],"8":[3,2],"9":[0,0],"10":[0,23],"11":[23,21]},"meta":{"lastBranch":12,"lastFunction":19,"lastStatement":45,"seen":{"s:17:6:248:Infinity":0,"f:17:6:17:24":0,"s:18:15:18:38":1,"s:19:17:19:42":2,"s:20:25:20:58":3,"s:21:18:21:44":4,"s:22:15:22:38":5,"s:23:19:23:49":6,"s:25:2:34:Infinity":7,"f:25:2:25:18":1,"b:26:4:32:Infinity:undefined:undefined:undefined:undefined":0,"s:26:4:32:Infinity":8,"s:27:6:27:Infinity":9,"b:27:14:27:36:27:36:27:39":1,"s:28:6:28:Infinity":10,"b:28:39:28:69:28:72:28:75":2,"s:29:6:29:Infinity":11,"b:29:24:29:56:29:56:29:59":3,"s:30:6:30:Infinity":12,"b:30:17:30:42:30:42:30:44":4,"s:31:6:31:Infinity":13,"b:31:14:31:36:31:36:31:39":5,"s:32:6:32:Infinity":14,"b:32:18:32:44:32:44:32:50":6,"s:36:8:37:Infinity":15,"f:36:8:36:32":2,"s:37:4:37:Infinity":16,"s:40:8:43:Infinity":17,"f:40:8:40:30":3,"s:41:23:41:35":18,"s:42:4:42:Infinity":19,"s:43:4:43:Infinity":20,"s:46:8:49:Infinity":21,"f:46:8:46:30":4,"s:47:23:47:35":22,"s:48:4:48:Infinity":23,"s:49:4:49:Infinity":24,"s:52:8:68:Infinity":25,"f:52:8:52:24":5,"s:53:4:53:Infinity":26,"s:54:24:54:82":27,"f:54:42:54:46":6,"s:54:51:54:59":28,"f:54:61:54:68":7,"s:54:73:54:82":29,"s:57:25:57:100":30,"f:57:33:57:40":8,"s:57:45:57:99":31,"b:57:45:57:61:57:65:57:79:57:83:57:99":7,"s:59:4:67:Infinity":32,"b:61:12:61:23:61:27:61:Infinity":8,"s:68:4:68:Infinity":33,"s:71:2:248:Infinity":34,"f:72:26:72:41":9,"s:72:50:72:68":35,"b:72:50:72:59:72:59:72:68":9,"b:76:28:76:42:76:42:76:Infinity":10,"f:109:18:109:29":10,"s:109:35:109:58":36,"f:123:18:123:29":11,"s:123:35:123:Infinity":37,"f:139:16:139:27":12,"s:139:33:139:Infinity":38,"b:163:15:163:Infinity:164:16:166:Infinity":11,"f:169:23:169:28":13,"s:170:16:210:Infinity":39,"f:175:20:175:35":14,"s:175:35:175:60":40,"f:188:24:188:35":15,"s:188:41:188:Infinity":41,"f:197:24:197:35":16,"s:197:41:197:Infinity":42,"f:207:22:207:33":17,"s:207:39:207:Infinity":43,"f:226:16:226:27":18,"s:226:33:226:Infinity":44}}}
,"/Users/maria.araujo/gemini/src/components/Sidebar.jsx": {"path":"/Users/maria.araujo/gemini/src/components/Sidebar.jsx","statementMap":{"0":{"start":{"line":38,"column":6},"end":{"line":477,"column":null}},"1":{"start":{"line":39,"column":21},"end":{"line":39,"column":50}},"2":{"start":{"line":40,"column":16},"end":{"line":40,"column":42}},"3":{"start":{"line":41,"column":18},"end":{"line":41,"column":47}},"4":{"start":{"line":42,"column":24},"end":{"line":42,"column":64}},"5":{"start":{"line":43,"column":19},"end":{"line":43,"column":52}},"6":{"start":{"line":44,"column":55},"end":{"line":44,"column":109}},"7":{"start":{"line":46,"column":8},"end":{"line":52,"column":8}},"8":{"start":{"line":47,"column":10},"end":{"line":47,"column":null}},"9":{"start":{"line":48,"column":4},"end":{"line":51,"column":null}},"10":{"start":{"line":48,"column":38},"end":{"line":51,"column":7}},"11":{"start":{"line":51,"column":23},"end":{"line":51,"column":51}},"12":{"start":{"line":54,"column":28},"end":{"line":56,"column":8}},"13":{"start":{"line":55,"column":31},"end":{"line":55,"column":86}},"14":{"start":{"line":58,"column":26},"end":{"line":58,"column":null}},"15":{"start":{"line":59,"column":29},"end":{"line":59,"column":91}},"16":{"start":{"line":61,"column":2},"end":{"line":70,"column":null}},"17":{"start":{"line":62,"column":4},"end":{"line":68,"column":null}},"18":{"start":{"line":63,"column":6},"end":{"line":63,"column":null}},"19":{"start":{"line":64,"column":6},"end":{"line":64,"column":null}},"20":{"start":{"line":65,"column":6},"end":{"line":68,"column":null}},"21":{"start":{"line":66,"column":8},"end":{"line":66,"column":null}},"22":{"start":{"line":67,"column":8},"end":{"line":67,"column":null}},"23":{"start":{"line":72,"column":8},"end":{"line":73,"column":null}},"24":{"start":{"line":73,"column":4},"end":{"line":73,"column":null}},"25":{"start":{"line":76,"column":8},"end":{"line":79,"column":null}},"26":{"start":{"line":77,"column":4},"end":{"line":77,"column":null}},"27":{"start":{"line":77,"column":21},"end":{"line":77,"column":null}},"28":{"start":{"line":78,"column":23},"end":{"line":78,"column":null}},"29":{"start":{"line":79,"column":4},"end":{"line":79,"column":null}},"30":{"start":{"line":82,"column":21},"end":{"line":82,"column":68}},"31":{"start":{"line":84,"column":23},"end":{"line":84,"column":null}},"32":{"start":{"line":86,"column":2},"end":{"line":477,"column":null}},"33":{"start":{"line":150,"column":37},"end":{"line":150,"column":null}},"34":{"start":{"line":155,"column":24},"end":{"line":165,"column":null}},"35":{"start":{"line":159,"column":28},"end":{"line":159,"column":null}},"36":{"start":{"line":160,"column":28},"end":{"line":160,"column":null}},"37":{"start":{"line":196,"column":39},"end":{"line":196,"column":90}},"38":{"start":{"line":205,"column":39},"end":{"line":205,"column":96}},"39":{"start":{"line":223,"column":42},"end":{"line":223,"column":70}},"40":{"start":{"line":229,"column":27},"end":{"line":237,"column":null}},"41":{"start":{"line":233,"column":44},"end":{"line":233,"column":69}},"42":{"start":{"line":239,"column":74},"end":{"line":239,"column":91}},"43":{"start":{"line":261,"column":32},"end":{"line":269,"column":null}},"44":{"start":{"line":274,"column":67},"end":{"line":274,"column":115}},"45":{"start":{"line":282,"column":41},"end":{"line":282,"column":93}},"46":{"start":{"line":282,"column":70},"end":{"line":282,"column":93}},"47":{"start":{"line":283,"column":28},"end":{"line":283,"column":null}},"48":{"start":{"line":283,"column":39},"end":{"line":283,"column":null}},"49":{"start":{"line":284,"column":28},"end":{"line":299,"column":null}},"50":{"start":{"line":288,"column":84},"end":{"line":288,"column":105}},"51":{"start":{"line":293,"column":38},"end":{"line":293,"column":null}},"52":{"start":{"line":333,"column":22},"end":{"line":341,"column":null}},"53":{"start":{"line":359,"column":34},"end":{"line":359,"column":55}},"54":{"start":{"line":367,"column":34},"end":{"line":367,"column":58}},"55":{"start":{"line":377,"column":21},"end":{"line":377,"column":null}},"56":{"start":{"line":392,"column":21},"end":{"line":422,"column":null}},"57":{"start":{"line":392,"column":161},"end":{"line":392,"column":223}},"58":{"start":{"line":413,"column":32},"end":{"line":413,"column":null}}},"fnMap":{"0":{"name":"(anonymous_0)","decl":{"start":{"line":38,"column":6},"end":{"line":38,"column":17}},"loc":{"start":{"line":38,"column":197},"end":{"line":477,"column":null}},"line":38},"1":{"name":"(anonymous_1)","decl":{"start":{"line":46,"column":23},"end":{"line":46,"column":37}},"loc":{"start":{"line":46,"column":37},"end":{"line":52,"column":7}},"line":46},"2":{"name":"(anonymous_2)","decl":{"start":{"line":48,"column":28},"end":{"line":48,"column":32}},"loc":{"start":{"line":48,"column":38},"end":{"line":51,"column":7}},"line":48},"3":{"name":"(anonymous_3)","decl":{"start":{"line":51,"column":8},"end":{"line":51,"column":14}},"loc":{"start":{"line":51,"column":23},"end":{"line":51,"column":51}},"line":51},"4":{"name":"(anonymous_4)","decl":{"start":{"line":55,"column":19},"end":{"line":55,"column":26}},"loc":{"start":{"line":55,"column":31},"end":{"line":55,"column":86}},"line":55},"5":{"name":"(anonymous_5)","decl":{"start":{"line":61,"column":2},"end":{"line":61,"column":18}},"loc":{"start":{"line":61,"column":18},"end":{"line":70,"column":6}},"line":61},"6":{"name":"(anonymous_6)","decl":{"start":{"line":65,"column":65},"end":{"line":65,"column":70}},"loc":{"start":{"line":65,"column":78},"end":{"line":68,"column":null}},"line":65},"7":{"name":"(anonymous_7)","decl":{"start":{"line":72,"column":8},"end":{"line":72,"column":30}},"loc":{"start":{"line":72,"column":30},"end":{"line":73,"column":null}},"line":72},"8":{"name":"(anonymous_8)","decl":{"start":{"line":76,"column":8},"end":{"line":76,"column":31}},"loc":{"start":{"line":76,"column":41},"end":{"line":79,"column":null}},"line":76},"9":{"name":"(anonymous_9)","decl":{"start":{"line":150,"column":20},"end":{"line":150,"column":31}},"loc":{"start":{"line":150,"column":37},"end":{"line":150,"column":null}},"line":150},"10":{"name":"(anonymous_10)","decl":{"start":{"line":154,"column":41},"end":{"line":154,"column":45}},"loc":{"start":{"line":155,"column":24},"end":{"line":165,"column":null}},"line":155},"11":{"name":"(anonymous_11)","decl":{"start":{"line":158,"column":26},"end":{"line":158,"column":41}},"loc":{"start":{"line":158,"column":41},"end":{"line":160,"column":null}},"line":158},"12":{"name":"(anonymous_12)","decl":{"start":{"line":196,"column":24},"end":{"line":196,"column":39}},"loc":{"start":{"line":196,"column":39},"end":{"line":196,"column":90}},"line":196},"13":{"name":"(anonymous_13)","decl":{"start":{"line":205,"column":24},"end":{"line":205,"column":39}},"loc":{"start":{"line":205,"column":39},"end":{"line":205,"column":96}},"line":205},"14":{"name":"(anonymous_14)","decl":{"start":{"line":223,"column":27},"end":{"line":223,"column":42}},"loc":{"start":{"line":223,"column":42},"end":{"line":223,"column":70}},"line":223},"15":{"name":"(anonymous_15)","decl":{"start":{"line":228,"column":45},"end":{"line":228,"column":49}},"loc":{"start":{"line":229,"column":27},"end":{"line":237,"column":null}},"line":229},"16":{"name":"(anonymous_16)","decl":{"start":{"line":233,"column":29},"end":{"line":233,"column":44}},"loc":{"start":{"line":233,"column":44},"end":{"line":233,"column":69}},"line":233},"17":{"name":"(anonymous_17)","decl":{"start":{"line":239,"column":59},"end":{"line":239,"column":74}},"loc":{"start":{"line":239,"column":74},"end":{"line":239,"column":91}},"line":239},"18":{"name":"(anonymous_18)","decl":{"start":{"line":260,"column":32},"end":{"line":260,"column":37}},"loc":{"start":{"line":261,"column":32},"end":{"line":269,"column":null}},"line":261},"19":{"name":"(anonymous_19)","decl":{"start":{"line":274,"column":52},"end":{"line":274,"column":67}},"loc":{"start":{"line":274,"column":67},"end":{"line":274,"column":115}},"line":274},"20":{"name":"(anonymous_20)","decl":{"start":{"line":281,"column":34},"end":{"line":281,"column":null}},"loc":{"start":{"line":281,"column":34},"end":{"line":299,"column":null}},"line":281},"21":{"name":"(anonymous_21)","decl":{"start":{"line":282,"column":60},"end":{"line":282,"column":65}},"loc":{"start":{"line":282,"column":70},"end":{"line":282,"column":93}},"line":282},"22":{"name":"(anonymous_22)","decl":{"start":{"line":288,"column":69},"end":{"line":288,"column":84}},"loc":{"start":{"line":288,"column":84},"end":{"line":288,"column":105}},"line":288},"23":{"name":"(anonymous_23)","decl":{"start":{"line":292,"column":49},"end":{"line":292,"column":54}},"loc":{"start":{"line":293,"column":38},"end":{"line":293,"column":null}},"line":293},"24":{"name":"(anonymous_24)","decl":{"start":{"line":332,"column":22},"end":{"line":332,"column":27}},"loc":{"start":{"line":333,"column":22},"end":{"line":341,"column":null}},"line":333},"25":{"name":"(anonymous_25)","decl":{"start":{"line":359,"column":19},"end":{"line":359,"column":34}},"loc":{"start":{"line":359,"column":34},"end":{"line":359,"column":55}},"line":359},"26":{"name":"(anonymous_26)","decl":{"start":{"line":367,"column":19},"end":{"line":367,"column":34}},"loc":{"start":{"line":367,"column":34},"end":{"line":367,"column":58}},"line":367},"27":{"name":"(anonymous_27)","decl":{"start":{"line":376,"column":30},"end":{"line":376,"column":34}},"loc":{"start":{"line":377,"column":21},"end":{"line":377,"column":null}},"line":377},"28":{"name":"(anonymous_28)","decl":{"start":{"line":391,"column":33},"end":{"line":391,"column":37}},"loc":{"start":{"line":392,"column":21},"end":{"line":422,"column":null}},"line":392},"29":{"name":"(anonymous_29)","decl":{"start":{"line":392,"column":146},"end":{"line":392,"column":161}},"loc":{"start":{"line":392,"column":161},"end":{"line":392,"column":223}},"line":392},"30":{"name":"(anonymous_30)","decl":{"start":{"line":412,"column":55},"end":{"line":412,"column":60}},"loc":{"start":{"line":413,"column":32},"end":{"line":413,"column":null}},"line":413}},"branchMap":{"0":{"loc":{"start":{"line":44,"column":93},"end":{"line":44,"column":108}},"type":"binary-expr","locations":[{"start":{"line":44,"column":93},"end":{"line":44,"column":106}},{"start":{"line":44,"column":106},"end":{"line":44,"column":108}}],"line":44},"1":{"loc":{"start":{"line":49,"column":10},"end":{"line":49,"column":null}},"type":"binary-expr","locations":[{"start":{"line":49,"column":10},"end":{"line":49,"column":18}},{"start":{"line":49,"column":18},"end":{"line":49,"column":41}},{"start":{"line":49,"column":41},"end":{"line":49,"column":null}}],"line":49},"2":{"loc":{"start":{"line":54,"column":28},"end":{"line":56,"column":8}},"type":"cond-expr","locations":[{"start":{"line":55,"column":6},"end":{"line":55,"column":87}},{"start":{"line":56,"column":6},"end":{"line":56,"column":8}}],"line":54},"3":{"loc":{"start":{"line":58,"column":26},"end":{"line":58,"column":null}},"type":"cond-expr","locations":[{"start":{"line":58,"column":44},"end":{"line":58,"column":76}},{"start":{"line":58,"column":76},"end":{"line":58,"column":null}}],"line":58},"4":{"loc":{"start":{"line":59,"column":29},"end":{"line":59,"column":91}},"type":"cond-expr","locations":[{"start":{"line":59,"column":47},"end":{"line":59,"column":86}},{"start":{"line":59,"column":89},"end":{"line":59,"column":91}}],"line":59},"5":{"loc":{"start":{"line":59,"column":47},"end":{"line":59,"column":86}},"type":"binary-expr","locations":[{"start":{"line":59,"column":47},"end":{"line":59,"column":84}},{"start":{"line":59,"column":84},"end":{"line":59,"column":86}}],"line":59},"6":{"loc":{"start":{"line":62,"column":4},"end":{"line":68,"column":null}},"type":"if","locations":[{"start":{"line":62,"column":4},"end":{"line":68,"column":null}},{"start":{},"end":{}}],"line":62},"7":{"loc":{"start":{"line":77,"column":4},"end":{"line":77,"column":null}},"type":"if","locations":[{"start":{"line":77,"column":4},"end":{"line":77,"column":null}},{"start":{},"end":{}}],"line":77},"8":{"loc":{"start":{"line":84,"column":23},"end":{"line":84,"column":null}},"type":"cond-expr","locations":[{"start":{"line":84,"column":47},"end":{"line":84,"column":61}},{"start":{"line":84,"column":61},"end":{"line":84,"column":null}}],"line":84},"9":{"loc":{"start":{"line":90,"column":8},"end":{"line":90,"column":null}},"type":"cond-expr","locations":[{"start":{"line":90,"column":17},"end":{"line":90,"column":35}},{"start":{"line":90,"column":35},"end":{"line":90,"column":null}}],"line":90},"10":{"loc":{"start":{"line":127,"column":11},"end":{"line":434,"column":null}},"type":"cond-expr","locations":[{"start":{"line":128,"column":12},"end":{"line":315,"column":28}},{"start":{"line":315,"column":14},"end":{"line":434,"column":null}}],"line":127},"11":{"loc":{"start":{"line":152,"column":19},"end":{"line":167,"column":null}},"type":"binary-expr","locations":[{"start":{"line":152,"column":19},"end":{"line":152,"column":null}},{"start":{"line":153,"column":20},"end":{"line":167,"column":null}}],"line":152},"12":{"loc":{"start":{"line":175,"column":17},"end":{"line":310,"column":null}},"type":"cond-expr","locations":[{"start":{"line":176,"column":18},"end":{"line":308,"column":19}},{"start":{"line":308,"column":18},"end":{"line":310,"column":null}}],"line":175},"13":{"loc":{"start":{"line":182,"column":23},"end":{"line":183,"column":null}},"type":"binary-expr","locations":[{"start":{"line":182,"column":23},"end":{"line":182,"column":null}},{"start":{"line":183,"column":24},"end":{"line":183,"column":null}}],"line":182},"14":{"loc":{"start":{"line":187,"column":21},"end":{"line":190,"column":null}},"type":"binary-expr","locations":[{"start":{"line":187,"column":21},"end":{"line":187,"column":33}},{"start":{"line":187,"column":33},"end":{"line":187,"column":null}},{"start":{"line":188,"column":22},"end":{"line":190,"column":null}}],"line":187},"15":{"loc":{"start":{"line":190,"column":44},"end":{"line":190,"column":null}},"type":"cond-expr","locations":[{"start":{"line":190,"column":69},"end":{"line":190,"column":78}},{"start":{"line":190,"column":78},"end":{"line":190,"column":null}}],"line":190},"16":{"loc":{"start":{"line":198,"column":33},"end":{"line":198,"column":null}},"type":"cond-expr","locations":[{"start":{"line":198,"column":74},"end":{"line":198,"column":86}},{"start":{"line":198,"column":86},"end":{"line":198,"column":null}}],"line":198},"17":{"loc":{"start":{"line":199,"column":91},"end":{"line":199,"column":null}},"type":"cond-expr","locations":[{"start":{"line":199,"column":132},"end":{"line":199,"column":168}},{"start":{"line":199,"column":168},"end":{"line":199,"column":null}}],"line":199},"18":{"loc":{"start":{"line":207,"column":33},"end":{"line":207,"column":null}},"type":"cond-expr","locations":[{"start":{"line":207,"column":80},"end":{"line":207,"column":92}},{"start":{"line":207,"column":92},"end":{"line":207,"column":null}}],"line":207},"19":{"loc":{"start":{"line":208,"column":91},"end":{"line":208,"column":null}},"type":"cond-expr","locations":[{"start":{"line":208,"column":138},"end":{"line":208,"column":172}},{"start":{"line":208,"column":172},"end":{"line":208,"column":null}}],"line":208},"20":{"loc":{"start":{"line":218,"column":21},"end":{"line":240,"column":null}},"type":"binary-expr","locations":[{"start":{"line":218,"column":21},"end":{"line":218,"column":null}},{"start":{"line":219,"column":23},"end":{"line":240,"column":null}}],"line":218},"21":{"loc":{"start":{"line":221,"column":36},"end":{"line":221,"column":null}},"type":"cond-expr","locations":[{"start":{"line":221,"column":67},"end":{"line":221,"column":81}},{"start":{"line":221,"column":81},"end":{"line":221,"column":null}}],"line":221},"22":{"loc":{"start":{"line":231,"column":38},"end":{"line":231,"column":null}},"type":"cond-expr","locations":[{"start":{"line":231,"column":66},"end":{"line":231,"column":80}},{"start":{"line":231,"column":80},"end":{"line":231,"column":null}}],"line":231},"23":{"loc":{"start":{"line":247,"column":23},"end":{"line":303,"column":null}},"type":"cond-expr","locations":[{"start":{"line":248,"column":24},"end":{"line":280,"column":25}},{"start":{"line":280,"column":24},"end":{"line":303,"column":null}}],"line":247},"24":{"loc":{"start":{"line":247,"column":23},"end":{"line":247,"column":null}},"type":"binary-expr","locations":[{"start":{"line":247,"column":23},"end":{"line":247,"column":55}},{"start":{"line":247,"column":55},"end":{"line":247,"column":null}}],"line":247},"25":{"loc":{"start":{"line":249,"column":27},"end":{"line":273,"column":47}},"type":"cond-expr","locations":[{"start":{"line":250,"column":28},"end":{"line":254,"column":null}},{"start":{"line":254,"column":30},"end":{"line":273,"column":47}}],"line":249},"26":{"loc":{"start":{"line":254,"column":30},"end":{"line":273,"column":47}},"type":"binary-expr","locations":[{"start":{"line":254,"column":30},"end":{"line":254,"column":null}},{"start":{"line":255,"column":28},"end":{"line":273,"column":47}}],"line":254},"27":{"loc":{"start":{"line":273,"column":27},"end":{"line":275,"column":null}},"type":"binary-expr","locations":[{"start":{"line":273,"column":27},"end":{"line":273,"column":69}},{"start":{"line":273,"column":69},"end":{"line":273,"column":null}},{"start":{"line":274,"column":28},"end":{"line":275,"column":null}}],"line":273},"28":{"loc":{"start":{"line":283,"column":28},"end":{"line":283,"column":null}},"type":"if","locations":[{"start":{"line":283,"column":28},"end":{"line":283,"column":null}},{"start":{},"end":{}}],"line":283},"29":{"loc":{"start":{"line":290,"column":33},"end":{"line":295,"column":null}},"type":"binary-expr","locations":[{"start":{"line":290,"column":33},"end":{"line":290,"column":null}},{"start":{"line":291,"column":34},"end":{"line":295,"column":null}}],"line":290},"30":{"loc":{"start":{"line":298,"column":35},"end":{"line":298,"column":null}},"type":"binary-expr","locations":[{"start":{"line":298,"column":35},"end":{"line":298,"column":58}},{"start":{"line":298,"column":58},"end":{"line":298,"column":null}}],"line":298},"31":{"loc":{"start":{"line":315,"column":14},"end":{"line":434,"column":null}},"type":"cond-expr","locations":[{"start":{"line":316,"column":12},"end":{"line":346,"column":28}},{"start":{"line":346,"column":14},"end":{"line":434,"column":null}}],"line":315},"32":{"loc":{"start":{"line":321,"column":61},"end":{"line":321,"column":177}},"type":"cond-expr","locations":[{"start":{"line":321,"column":78},"end":{"line":321,"column":91}},{"start":{"line":321,"column":91},"end":{"line":321,"column":177}}],"line":321},"33":{"loc":{"start":{"line":321,"column":91},"end":{"line":321,"column":177}},"type":"cond-expr","locations":[{"start":{"line":321,"column":109},"end":{"line":321,"column":122}},{"start":{"line":321,"column":122},"end":{"line":321,"column":177}}],"line":321},"34":{"loc":{"start":{"line":321,"column":122},"end":{"line":321,"column":177}},"type":"cond-expr","locations":[{"start":{"line":321,"column":140},"end":{"line":321,"column":157}},{"start":{"line":321,"column":157},"end":{"line":321,"column":177}}],"line":321},"35":{"loc":{"start":{"line":346,"column":14},"end":{"line":434,"column":null}},"type":"cond-expr","locations":[{"start":{"line":347,"column":12},"end":{"line":428,"column":13}},{"start":{"line":428,"column":12},"end":{"line":434,"column":null}}],"line":346},"36":{"loc":{"start":{"line":357,"column":28},"end":{"line":357,"column":null}},"type":"cond-expr","locations":[{"start":{"line":357,"column":52},"end":{"line":357,"column":66}},{"start":{"line":357,"column":66},"end":{"line":357,"column":null}}],"line":357},"37":{"loc":{"start":{"line":365,"column":28},"end":{"line":365,"column":null}},"type":"cond-expr","locations":[{"start":{"line":365,"column":55},"end":{"line":365,"column":69}},{"start":{"line":365,"column":69},"end":{"line":365,"column":null}}],"line":365},"38":{"loc":{"start":{"line":374,"column":16},"end":{"line":424,"column":null}},"type":"cond-expr","locations":[{"start":{"line":375,"column":17},"end":{"line":380,"column":32}},{"start":{"line":380,"column":19},"end":{"line":424,"column":null}}],"line":374},"39":{"loc":{"start":{"line":380,"column":19},"end":{"line":424,"column":null}},"type":"cond-expr","locations":[{"start":{"line":381,"column":17},"end":{"line":390,"column":18}},{"start":{"line":390,"column":17},"end":{"line":424,"column":null}}],"line":380},"40":{"loc":{"start":{"line":384,"column":22},"end":{"line":386,"column":null}},"type":"cond-expr","locations":[{"start":{"line":385,"column":25},"end":{"line":385,"column":null}},{"start":{"line":386,"column":25},"end":{"line":386,"column":null}}],"line":384},"41":{"loc":{"start":{"line":405,"column":29},"end":{"line":405,"column":null}},"type":"binary-expr","locations":[{"start":{"line":405,"column":29},"end":{"line":405,"column":42}},{"start":{"line":405,"column":42},"end":{"line":405,"column":null}}],"line":405},"42":{"loc":{"start":{"line":410,"column":27},"end":{"line":415,"column":null}},"type":"binary-expr","locations":[{"start":{"line":410,"column":27},"end":{"line":410,"column":null}},{"start":{"line":411,"column":28},"end":{"line":415,"column":null}}],"line":410},"43":{"loc":{"start":{"line":415,"column":31},"end":{"line":415,"column":null}},"type":"binary-expr","locations":[{"start":{"line":415,"column":31},"end":{"line":415,"column":57}},{"start":{"line":415,"column":57},"end":{"line":415,"column":null}}],"line":415},"44":{"loc":{"start":{"line":419,"column":30},"end":{"line":419,"column":78}},"type":"binary-expr","locations":[{"start":{"line":419,"column":30},"end":{"line":419,"column":53}},{"start":{"line":419,"column":53},"end":{"line":419,"column":78}}],"line":419},"45":{"loc":{"start":{"line":447,"column":19},"end":{"line":447,"column":null}},"type":"binary-expr","locations":[{"start":{"line":447,"column":19},"end":{"line":447,"column":47}},{"start":{"line":447,"column":51},"end":{"line":447,"column":73}},{"start":{"line":447,"column":77},"end":{"line":447,"column":null}}],"line":447},"46":{"loc":{"start":{"line":451,"column":124},"end":{"line":451,"column":166}},"type":"binary-expr","locations":[{"start":{"line":451,"column":124},"end":{"line":451,"column":145}},{"start":{"line":451,"column":145},"end":{"line":451,"column":166}}],"line":451},"47":{"loc":{"start":{"line":452,"column":87},"end":{"line":452,"column":118}},"type":"binary-expr","locations":[{"start":{"line":452,"column":87},"end":{"line":452,"column":102}},{"start":{"line":452,"column":102},"end":{"line":452,"column":118}}],"line":452}},"s":{"0":2,"1":23,"2":23,"3":23,"4":23,"5":23,"6":23,"7":23,"8":10,"9":10,"10":1210,"11":7360,"12":23,"13":1,"14":23,"15":23,"16":23,"17":12,"18":3,"19":3,"20":3,"21":1,"22":1,"23":23,"24":1,"25":23,"26":23,"27":11,"28":12,"29":12,"30":23,"31":23,"32":23,"33":1,"34":1,"35":1,"36":1,"37":2,"38":0,"39":0,"40":4,"41":0,"42":0,"43":3,"44":0,"45":0,"46":0,"47":0,"48":0,"49":0,"50":0,"51":0,"52":4,"53":0,"54":0,"55":0,"56":1,"57":0,"58":1},"f":{"0":23,"1":10,"2":1210,"3":7360,"4":1,"5":12,"6":1,"7":1,"8":23,"9":1,"10":1,"11":1,"12":2,"13":0,"14":0,"15":4,"16":0,"17":0,"18":3,"19":0,"20":0,"21":0,"22":0,"23":0,"24":4,"25":0,"26":0,"27":0,"28":1,"29":0,"30":1},"b":{"0":[23,12],"1":[1210,25,25],"2":[1,22],"3":[7,16],"4":[7,16],"5":[7,3],"6":[3,9],"7":[11,12],"8":[23,0],"9":[11,12],"10":[18,5],"11":[18,1],"12":[7,11],"13":[7,0],"14":[7,4,0],"15":[0,0],"16":[4,3],"17":[4,3],"18":[0,7],"19":[0,7],"20":[7,4],"21":[4,0],"22":[0,4],"23":[7,0],"24":[7,0],"25":[3,4],"26":[4,1],"27":[7,3,0],"28":[0,0],"29":[0,0],"30":[0,0],"31":[2,3],"32":[1,1],"33":[1,0],"34":[0,0],"35":[2,1],"36":[2,0],"37":[0,2],"38":[0,2],"39":[1,1],"40":[1,0],"41":[1,1],"42":[1,1],"43":[1,0],"44":[1,1],"45":[23,0,0],"46":[23,0],"47":[23,0]},"meta":{"lastBranch":48,"lastFunction":31,"lastStatement":59,"seen":{"s:38:6:477:Infinity":0,"f:38:6:38:17":0,"s:39:21:39:50":1,"s:40:16:40:42":2,"s:41:18:41:47":3,"s:42:24:42:64":4,"s:43:19:43:52":5,"s:44:55:44:109":6,"b:44:93:44:106:44:106:44:108":0,"s:46:8:52:8":7,"f:46:23:46:37":1,"s:47:10:47:Infinity":8,"s:48:4:51:Infinity":9,"f:48:28:48:32":2,"s:48:38:51:7":10,"b:49:10:49:18:49:18:49:41:49:41:49:Infinity":1,"f:51:8:51:14":3,"s:51:23:51:51":11,"s:54:28:56:8":12,"b:55:6:55:87:56:6:56:8":2,"f:55:19:55:26":4,"s:55:31:55:86":13,"s:58:26:58:Infinity":14,"b:58:44:58:76:58:76:58:Infinity":3,"s:59:29:59:91":15,"b:59:47:59:86:59:89:59:91":4,"b:59:47:59:84:59:84:59:86":5,"s:61:2:70:Infinity":16,"f:61:2:61:18":5,"b:62:4:68:Infinity:undefined:undefined:undefined:undefined":6,"s:62:4:68:Infinity":17,"s:63:6:63:Infinity":18,"s:64:6:64:Infinity":19,"s:65:6:68:Infinity":20,"f:65:65:65:70":6,"s:66:8:66:Infinity":21,"s:67:8:67:Infinity":22,"s:72:8:73:Infinity":23,"f:72:8:72:30":7,"s:73:4:73:Infinity":24,"s:76:8:79:Infinity":25,"f:76:8:76:31":8,"b:77:4:77:Infinity:undefined:undefined:undefined:undefined":7,"s:77:4:77:Infinity":26,"s:77:21:77:Infinity":27,"s:78:23:78:Infinity":28,"s:79:4:79:Infinity":29,"s:82:21:82:68":30,"s:84:23:84:Infinity":31,"b:84:47:84:61:84:61:84:Infinity":8,"s:86:2:477:Infinity":32,"b:90:17:90:35:90:35:90:Infinity":9,"b:128:12:315:28:315:14:434:Infinity":10,"f:150:20:150:31":9,"s:150:37:150:Infinity":33,"b:152:19:152:Infinity:153:20:167:Infinity":11,"f:154:41:154:45":10,"s:155:24:165:Infinity":34,"f:158:26:158:41":11,"s:159:28:159:Infinity":35,"s:160:28:160:Infinity":36,"b:176:18:308:19:308:18:310:Infinity":12,"b:182:23:182:Infinity:183:24:183:Infinity":13,"b:187:21:187:33:187:33:187:Infinity:188:22:190:Infinity":14,"b:190:69:190:78:190:78:190:Infinity":15,"f:196:24:196:39":12,"s:196:39:196:90":37,"b:198:74:198:86:198:86:198:Infinity":16,"b:199:132:199:168:199:168:199:Infinity":17,"f:205:24:205:39":13,"s:205:39:205:96":38,"b:207:80:207:92:207:92:207:Infinity":18,"b:208:138:208:172:208:172:208:Infinity":19,"b:218:21:218:Infinity:219:23:240:Infinity":20,"b:221:67:221:81:221:81:221:Infinity":21,"f:223:27:223:42":14,"s:223:42:223:70":39,"f:228:45:228:49":15,"s:229:27:237:Infinity":40,"b:231:66:231:80:231:80:231:Infinity":22,"f:233:29:233:44":16,"s:233:44:233:69":41,"f:239:59:239:74":17,"s:239:74:239:91":42,"b:248:24:280:25:280:24:303:Infinity":23,"b:247:23:247:55:247:55:247:Infinity":24,"b:250:28:254:Infinity:254:30:273:47":25,"b:254:30:254:Infinity:255:28:273:47":26,"f:260:32:260:37":18,"s:261:32:269:Infinity":43,"b:273:27:273:69:273:69:273:Infinity:274:28:275:Infinity":27,"f:274:52:274:67":19,"s:274:67:274:115":44,"f:281:34:281:Infinity":20,"s:282:41:282:93":45,"f:282:60:282:65":21,"s:282:70:282:93":46,"b:283:28:283:Infinity:undefined:undefined:undefined:undefined":28,"s:283:28:283:Infinity":47,"s:283:39:283:Infinity":48,"s:284:28:299:Infinity":49,"f:288:69:288:84":22,"s:288:84:288:105":50,"b:290:33:290:Infinity:291:34:295:Infinity":29,"f:292:49:292:54":23,"s:293:38:293:Infinity":51,"b:298:35:298:58:298:58:298:Infinity":30,"b:316:12:346:28:346:14:434:Infinity":31,"b:321:78:321:91:321:91:321:177":32,"b:321:109:321:122:321:122:321:177":33,"b:321:140:321:157:321:157:321:177":34,"f:332:22:332:27":24,"s:333:22:341:Infinity":52,"b:347:12:428:13:428:12:434:Infinity":35,"b:357:52:357:66:357:66:357:Infinity":36,"f:359:19:359:34":25,"s:359:34:359:55":53,"b:365:55:365:69:365:69:365:Infinity":37,"f:367:19:367:34":26,"s:367:34:367:58":54,"b:375:17:380:32:380:19:424:Infinity":38,"f:376:30:376:34":27,"s:377:21:377:Infinity":55,"b:381:17:390:18:390:17:424:Infinity":39,"b:385:25:385:Infinity:386:25:386:Infinity":40,"f:391:33:391:37":28,"s:392:21:422:Infinity":56,"f:392:146:392:161":29,"s:392:161:392:223":57,"b:405:29:405:42:405:42:405:Infinity":41,"b:410:27:410:Infinity:411:28:415:Infinity":42,"f:412:55:412:60":30,"s:413:32:413:Infinity":58,"b:415:31:415:57:415:57:415:Infinity":43,"b:419:30:419:53:419:53:419:78":44,"b:447:19:447:47:447:51:447:73:447:77:447:Infinity":45,"b:451:124:451:145:451:145:451:166":46,"b:452:87:452:102:452:102:452:118":47}}}
,"/Users/maria.araujo/gemini/src/components/TripsDashboard.jsx": {"path":"/Users/maria.araujo/gemini/src/components/TripsDashboard.jsx","statementMap":{"0":{"start":{"line":17,"column":6},"end":{"line":179,"column":null}},"1":{"start":{"line":19,"column":8},"end":{"line":26,"column":8}},"2":{"start":{"line":20,"column":10},"end":{"line":20,"column":null}},"3":{"start":{"line":21,"column":4},"end":{"line":25,"column":null}},"4":{"start":{"line":22,"column":17},"end":{"line":22,"column":null}},"5":{"start":{"line":23,"column":6},"end":{"line":23,"column":null}},"6":{"start":{"line":24,"column":6},"end":{"line":24,"column":null}},"7":{"start":{"line":28,"column":8},"end":{"line":42,"column":33}},"8":{"start":{"line":29,"column":18},"end":{"line":29,"column":20}},"9":{"start":{"line":30,"column":4},"end":{"line":40,"column":null}},"10":{"start":{"line":31,"column":6},"end":{"line":38,"column":null}},"11":{"start":{"line":32,"column":8},"end":{"line":38,"column":null}},"12":{"start":{"line":33,"column":10},"end":{"line":37,"column":null}},"13":{"start":{"line":41,"column":4},"end":{"line":41,"column":null}},"14":{"start":{"line":44,"column":8},"end":{"line":46,"column":null}},"15":{"start":{"line":45,"column":4},"end":{"line":46,"column":null}},"16":{"start":{"line":46,"column":6},"end":{"line":46,"column":null}},"17":{"start":{"line":50,"column":2},"end":{"line":65,"column":null}},"18":{"start":{"line":51,"column":4},"end":{"line":65,"column":null}},"19":{"start":{"line":69,"column":2},"end":{"line":179,"column":null}},"20":{"start":{"line":81,"column":73},"end":{"line":81,"column":87}},"21":{"start":{"line":88,"column":12},"end":{"line":175,"column":null}},"22":{"start":{"line":105,"column":39},"end":{"line":105,"column":67}},"23":{"start":{"line":114,"column":39},"end":{"line":114,"column":87}},"24":{"start":{"line":130,"column":22},"end":{"line":130,"column":null}},"25":{"start":{"line":147,"column":22},"end":{"line":152,"column":null}}},"fnMap":{"0":{"name":"(anonymous_0)","decl":{"start":{"line":17,"column":6},"end":{"line":17,"column":24}},"loc":{"start":{"line":17,"column":72},"end":{"line":179,"column":null}},"line":17},"1":{"name":"(anonymous_1)","decl":{"start":{"line":19,"column":23},"end":{"line":19,"column":37}},"loc":{"start":{"line":19,"column":37},"end":{"line":26,"column":7}},"line":19},"2":{"name":"(anonymous_2)","decl":{"start":{"line":21,"column":28},"end":{"line":21,"column":36}},"loc":{"start":{"line":21,"column":47},"end":{"line":25,"column":9}},"line":21},"3":{"name":"(anonymous_3)","decl":{"start":{"line":28,"column":19},"end":{"line":28,"column":33}},"loc":{"start":{"line":28,"column":33},"end":{"line":42,"column":6}},"line":28},"4":{"name":"(anonymous_4)","decl":{"start":{"line":30,"column":32},"end":{"line":30,"column":41}},"loc":{"start":{"line":30,"column":71},"end":{"line":40,"column":null}},"line":30},"5":{"name":"(anonymous_5)","decl":{"start":{"line":32,"column":21},"end":{"line":32,"column":29}},"loc":{"start":{"line":32,"column":37},"end":{"line":38,"column":null}},"line":32},"6":{"name":"(anonymous_6)","decl":{"start":{"line":44,"column":8},"end":{"line":44,"column":24}},"loc":{"start":{"line":44,"column":56},"end":{"line":46,"column":null}},"line":44},"7":{"name":"(anonymous_7)","decl":{"start":{"line":81,"column":58},"end":{"line":81,"column":73}},"loc":{"start":{"line":81,"column":73},"end":{"line":81,"column":87}},"line":81},"8":{"name":"(anonymous_8)","decl":{"start":{"line":87,"column":20},"end":{"line":87,"column":24}},"loc":{"start":{"line":88,"column":12},"end":{"line":175,"column":null}},"line":88},"9":{"name":"(anonymous_9)","decl":{"start":{"line":105,"column":24},"end":{"line":105,"column":39}},"loc":{"start":{"line":105,"column":39},"end":{"line":105,"column":67}},"line":105},"10":{"name":"(anonymous_10)","decl":{"start":{"line":114,"column":24},"end":{"line":114,"column":39}},"loc":{"start":{"line":114,"column":39},"end":{"line":114,"column":87}},"line":114},"11":{"name":"(anonymous_11)","decl":{"start":{"line":129,"column":46},"end":{"line":129,"column":51}},"loc":{"start":{"line":130,"column":22},"end":{"line":130,"column":null}},"line":130},"12":{"name":"(anonymous_12)","decl":{"start":{"line":146,"column":34},"end":{"line":146,"column":39}},"loc":{"start":{"line":147,"column":22},"end":{"line":152,"column":null}},"line":147}},"branchMap":{"0":{"loc":{"start":{"line":22,"column":17},"end":{"line":22,"column":null}},"type":"binary-expr","locations":[{"start":{"line":22,"column":17},"end":{"line":22,"column":25}},{"start":{"line":22,"column":25},"end":{"line":22,"column":48}},{"start":{"line":22,"column":48},"end":{"line":22,"column":null}}],"line":22},"1":{"loc":{"start":{"line":31,"column":6},"end":{"line":38,"column":null}},"type":"if","locations":[{"start":{"line":31,"column":6},"end":{"line":38,"column":null}},{"start":{},"end":{}}],"line":31},"2":{"loc":{"start":{"line":36,"column":25},"end":{"line":36,"column":null}},"type":"binary-expr","locations":[{"start":{"line":36,"column":25},"end":{"line":36,"column":52}},{"start":{"line":36,"column":52},"end":{"line":36,"column":null}}],"line":36},"3":{"loc":{"start":{"line":45,"column":4},"end":{"line":46,"column":null}},"type":"if","locations":[{"start":{"line":45,"column":4},"end":{"line":46,"column":null}},{"start":{},"end":{}}],"line":45},"4":{"loc":{"start":{"line":50,"column":2},"end":{"line":65,"column":null}},"type":"if","locations":[{"start":{"line":50,"column":2},"end":{"line":65,"column":null}},{"start":{},"end":{}}],"line":50},"5":{"loc":{"start":{"line":124,"column":21},"end":{"line":126,"column":null}},"type":"binary-expr","locations":[{"start":{"line":124,"column":21},"end":{"line":124,"column":null}},{"start":{"line":125,"column":22},"end":{"line":126,"column":null}}],"line":124},"6":{"loc":{"start":{"line":132,"column":21},"end":{"line":133,"column":null}},"type":"binary-expr","locations":[{"start":{"line":132,"column":21},"end":{"line":132,"column":null}},{"start":{"line":133,"column":22},"end":{"line":133,"column":null}}],"line":132},"7":{"loc":{"start":{"line":141,"column":17},"end":{"line":157,"column":22}},"type":"binary-expr","locations":[{"start":{"line":141,"column":17},"end":{"line":141,"column":33}},{"start":{"line":141,"column":33},"end":{"line":141,"column":null}},{"start":{"line":142,"column":18},"end":{"line":157,"column":22}}],"line":141},"8":{"loc":{"start":{"line":150,"column":27},"end":{"line":150,"column":null}},"type":"binary-expr","locations":[{"start":{"line":150,"column":27},"end":{"line":150,"column":43}},{"start":{"line":150,"column":43},"end":{"line":150,"column":null}}],"line":150},"9":{"loc":{"start":{"line":157,"column":17},"end":{"line":163,"column":null}},"type":"binary-expr","locations":[{"start":{"line":157,"column":17},"end":{"line":157,"column":null}},{"start":{"line":158,"column":18},"end":{"line":163,"column":null}}],"line":157}},"s":{"0":2,"1":4,"2":4,"3":4,"4":247,"5":247,"6":247,"7":4,"8":4,"9":4,"10":3,"11":3,"12":3,"13":4,"14":4,"15":1,"16":1,"17":4,"18":1,"19":3,"20":0,"21":3,"22":0,"23":1,"24":1,"25":0},"f":{"0":4,"1":4,"2":247,"3":4,"4":3,"5":3,"6":1,"7":0,"8":3,"9":0,"10":1,"11":1,"12":0},"b":{"0":[247,5,5],"1":[3,0],"2":[3,1],"3":[1,0],"4":[1,3],"5":[3,1],"6":[3,0],"7":[3,0,0],"8":[0,0],"9":[3,0]},"meta":{"lastBranch":10,"lastFunction":13,"lastStatement":26,"seen":{"s:17:6:179:Infinity":0,"f:17:6:17:24":0,"s:19:8:26:8":1,"f:19:23:19:37":1,"s:20:10:20:Infinity":2,"s:21:4:25:Infinity":3,"f:21:28:21:36":2,"s:22:17:22:Infinity":4,"b:22:17:22:25:22:25:22:48:22:48:22:Infinity":0,"s:23:6:23:Infinity":5,"s:24:6:24:Infinity":6,"s:28:8:42:33":7,"f:28:19:28:33":3,"s:29:18:29:20":8,"s:30:4:40:Infinity":9,"f:30:32:30:41":4,"b:31:6:38:Infinity:undefined:undefined:undefined:undefined":1,"s:31:6:38:Infinity":10,"s:32:8:38:Infinity":11,"f:32:21:32:29":5,"s:33:10:37:Infinity":12,"b:36:25:36:52:36:52:36:Infinity":2,"s:41:4:41:Infinity":13,"s:44:8:46:Infinity":14,"f:44:8:44:24":6,"b:45:4:46:Infinity:undefined:undefined:undefined:undefined":3,"s:45:4:46:Infinity":15,"s:46:6:46:Infinity":16,"b:50:2:65:Infinity:undefined:undefined:undefined:undefined":4,"s:50:2:65:Infinity":17,"s:51:4:65:Infinity":18,"s:69:2:179:Infinity":19,"f:81:58:81:73":7,"s:81:73:81:87":20,"f:87:20:87:24":8,"s:88:12:175:Infinity":21,"f:105:24:105:39":9,"s:105:39:105:67":22,"f:114:24:114:39":10,"s:114:39:114:87":23,"b:124:21:124:Infinity:125:22:126:Infinity":5,"f:129:46:129:51":11,"s:130:22:130:Infinity":24,"b:132:21:132:Infinity:133:22:133:Infinity":6,"b:141:17:141:33:141:33:141:Infinity:142:18:157:22":7,"f:146:34:146:39":12,"s:147:22:152:Infinity":25,"b:150:27:150:43:150:43:150:Infinity":8,"b:157:17:157:Infinity:158:18:163:Infinity":9}}}
[...]
,"column":10},"end":{"line":183,"column":null}},"91":{"start":{"line":185,"column":10},"end":{"line":185,"column":null}},"92":{"start":{"line":187,"column":8},"end":{"line":187,"column":null}},"93":{"start":{"line":191,"column":6},"end":{"line":200,"column":null}},"94":{"start":{"line":192,"column":8},"end":{"line":194,"column":null}},"95":{"start":{"line":196,"column":8},"end":{"line":200,"column":null}},"96":{"start":{"line":204,"column":6},"end":{"line":211,"column":null}},"97":{"start":{"line":205,"column":8},"end":{"line":207,"column":null}},"98":{"start":{"line":208,"column":13},"end":{"line":211,"column":null}},"99":{"start":{"line":209,"column":8},"end":{"line":211,"column":null}},"100":{"start":{"line":214,"column":6},"end":{"line":214,"column":null}},"101":{"start":{"line":218,"column":21},"end":{"line":226,"column":null}},"102":{"start":{"line":219,"column":4},"end":{"line":219,"column":null}},"103":{"start":{"line":219,"column":34},"end":{"line":219,"column":null}},"104":{"start":{"line":220,"column":10},"end":{"line":220,"column":43}},"105":{"start":{"line":221,"column":4},"end":{"line":226,"column":null}},"106":{"start":{"line":222,"column":6},"end":{"line":224,"column":null}},"107":{"start":{"line":226,"column":6},"end":{"line":226,"column":null}},"108":{"start":{"line":230,"column":23},"end":{"line":238,"column":null}},"109":{"start":{"line":231,"column":4},"end":{"line":231,"column":null}},"110":{"start":{"line":231,"column":34},"end":{"line":231,"column":null}},"111":{"start":{"line":232,"column":10},"end":{"line":232,"column":43}},"112":{"start":{"line":233,"column":4},"end":{"line":238,"column":null}},"113":{"start":{"line":234,"column":6},"end":{"line":236,"column":null}},"114":{"start":{"line":238,"column":6},"end":{"line":238,"column":null}},"115":{"start":{"line":242,"column":17},"end":{"line":245,"column":null}},"116":{"start":{"line":243,"column":63},"end":{"line":243,"column":88}},"117":{"start":{"line":244,"column":69},"end":{"line":244,"column":100}},"118":{"start":{"line":247,"column":2},"end":{"line":247,"column":null}}},"fnMap":{"0":{"name":"useCountryState","decl":{"start":{"line":17,"column":16},"end":{"line":17,"column":32}},"loc":{"start":{"line":17,"column":38},"end":{"line":247,"column":null}},"line":17},"1":{"name":"(anonymous_1)","decl":{"start":{"line":25,"column":2},"end":{"line":25,"column":18}},"loc":{"start":{"line":25,"column":18},"end":{"line":67,"column":6}},"line":25},"2":{"name":"(anonymous_2)","decl":{"start":{"line":37,"column":35},"end":{"line":37,"column":44}},"loc":{"start":{"line":37,"column":56},"end":{"line":61,"column":18}},"line":37},"3":{"name":"(anonymous_3)","decl":{"start":{"line":61,"column":8},"end":{"line":61,"column":18}},"loc":{"start":{"line":61,"column":18},"end":{"line":64,"column":null}},"line":61},"4":{"name":"(anonymous_4)","decl":{"start":{"line":66,"column":4},"end":{"line":66,"column":17}},"loc":{"start":{"line":66,"column":17},"end":{"line":66,"column":30}},"line":66},"5":{"name":"(anonymous_5)","decl":{"start":{"line":69,"column":24},"end":{"line":69,"column":31}},"loc":{"start":{"line":69,"column":73},"end":{"line":128,"column":null}},"line":69},"6":{"name":"(anonymous_6)","decl":{"start":{"line":85,"column":6},"end":{"line":85,"column":21}},"loc":{"start":{"line":85,"column":29},"end":{"line":100,"column":null}},"line":85},"7":{"name":"(anonymous_7)","decl":{"start":{"line":87,"column":35},"end":{"line":87,"column":45}},"loc":{"start":{"line":87,"column":50},"end":{"line":87,"column":74}},"line":87},"8":{"name":"(anonymous_8)","decl":{"start":{"line":106,"column":39},"end":{"line":106,"column":46}},"loc":{"start":{"line":106,"column":51},"end":{"line":106,"column":67}},"line":106},"9":{"name":"(anonymous_9)","decl":{"start":{"line":132,"column":26},"end":{"line":132,"column":33}},"loc":{"start":{"line":132,"column":55},"end":{"line":167,"column":null}},"line":132},"10":{"name":"(anonymous_10)","decl":{"start":{"line":141,"column":6},"end":{"line":141,"column":21}},"loc":{"start":{"line":141,"column":29},"end":{"line":165,"column":null}},"line":141},"11":{"name":"(anonymous_11)","decl":{"start":{"line":143,"column":38},"end":{"line":143,"column":45}},"loc":{"start":{"line":143,"column":50},"end":{"line":143,"column":66}},"line":143},"12":{"name":"(anonymous_12)","decl":{"start":{"line":171,"column":22},"end":{"line":171,"column":29}},"loc":{"start":{"line":171,"column":53},"end":{"line":214,"column":null}},"line":171},"13":{"name":"(anonymous_13)","decl":{"start":{"line":180,"column":6},"end":{"line":180,"column":19}},"loc":{"start":{"line":180,"column":27},"end":{"line":188,"column":null}},"line":180},"14":{"name":"(anonymous_14)","decl":{"start":{"line":218,"column":21},"end":{"line":218,"column":28}},"loc":{"start":{"line":218,"column":45},"end":{"line":226,"column":null}},"line":218},"15":{"name":"(anonymous_15)","decl":{"start":{"line":230,"column":23},"end":{"line":230,"column":30}},"loc":{"start":{"line":230,"column":47},"end":{"line":238,"column":null}},"line":230},"16":{"name":"(anonymous_16)","decl":{"start":{"line":243,"column":51},"end":{"line":243,"column":58}},"loc":{"start":{"line":243,"column":63},"end":{"line":243,"column":88}},"line":243},"17":{"name":"(anonymous_17)","decl":{"start":{"line":244,"column":57},"end":{"line":244,"column":64}},"loc":{"start":{"line":244,"column":69},"end":{"line":244,"column":100}},"line":244}},"branchMap":{"0":{"loc":{"start":{"line":26,"column":4},"end":{"line":31,"column":null}},"type":"if","locations":[{"start":{"line":26,"column":4},"end":{"line":31,"column":null}},{"start":{},"end":{}}],"line":26},"1":{"loc":{"start":{"line":38,"column":6},"end":{"line":58,"column":null}},"type":"if","locations":[{"start":{"line":38,"column":6},"end":{"line":58,"column":null}},{"start":{"line":55,"column":13},"end":{"line":58,"column":null}}],"line":38},"2":{"loc":{"start":{"line":40,"column":21},"end":{"line":40,"column":41}},"type":"binary-expr","locations":[{"start":{"line":40,"column":21},"end":{"line":40,"column":39}},{"start":{"line":40,"column":39},"end":{"line":40,"column":41}}],"line":40},"3":{"loc":{"start":{"line":41,"column":21},"end":{"line":41,"column":41}},"type":"binary-expr","locations":[{"start":{"line":41,"column":21},"end":{"line":41,"column":39}},{"start":{"line":41,"column":39},"end":{"line":41,"column":41}}],"line":41},"4":{"loc":{"start":{"line":44,"column":24},"end":{"line":44,"column":46}},"type":"binary-expr","locations":[{"start":{"line":44,"column":24},"end":{"line":44,"column":44}},{"start":{"line":44,"column":44},"end":{"line":44,"column":46}}],"line":44},"5":{"loc":{"start":{"line":47,"column":10},"end":{"line":51,"column":null}},"type":"if","locations":[{"start":{"line":47,"column":10},"end":{"line":51,"column":null}},{"start":{"line":49,"column":17},"end":{"line":51,"column":null}}],"line":47},"6":{"loc":{"start":{"line":49,"column":17},"end":{"line":51,"column":null}},"type":"if","locations":[{"start":{"line":49,"column":17},"end":{"line":51,"column":null}},{"start":{},"end":{}}],"line":49},"7":{"loc":{"start":{"line":49,"column":21},"end":{"line":49,"column":72}},"type":"binary-expr","locations":[{"start":{"line":49,"column":21},"end":{"line":49,"column":53}},{"start":{"line":49,"column":53},"end":{"line":49,"column":72}}],"line":49},"8":{"loc":{"start":{"line":70,"column":4},"end":{"line":70,"column":null}},"type":"if","locations":[{"start":{"line":70,"column":4},"end":{"line":70,"column":null}},{"start":{},"end":{}}],"line":70},"9":{"loc":{"start":{"line":72,"column":52},"end":{"line":72,"column":95}},"type":"binary-expr","locations":[{"start":{"line":72,"column":52},"end":{"line":72,"column":72}},{"start":{"line":72,"column":72},"end":{"line":72,"column":95}}],"line":72},"10":{"loc":{"start":{"line":75,"column":19},"end":{"line":75,"column":null}},"type":"binary-expr","locations":[{"start":{"line":75,"column":19},"end":{"line":75,"column":39}},{"start":{"line":75,"column":39},"end":{"line":75,"column":null}}],"line":75},"11":{"loc":{"start":{"line":86,"column":29},"end":{"line":86,"column":50}},"type":"binary-expr","locations":[{"start":{"line":86,"column":29},"end":{"line":86,"column":48}},{"start":{"line":86,"column":48},"end":{"line":86,"column":50}}],"line":86},"12":{"loc":{"start":{"line":90,"column":8},"end":{"line":93,"column":null}},"type":"if","locations":[{"start":{"line":90,"column":8},"end":{"line":93,"column":null}},{"start":{"line":92,"column":15},"end":{"line":93,"column":null}}],"line":90},"13":{"loc":{"start":{"line":105,"column":23},"end":{"line":107,"column":25}},"type":"cond-expr","locations":[{"start":{"line":106,"column":12},"end":{"line":106,"column":81}},{"start":{"line":107,"column":12},"end":{"line":107,"column":25}}],"line":105},"14":{"loc":{"start":{"line":112,"column":6},"end":{"line":124,"column":null}},"type":"if","locations":[{"start":{"line":112,"column":6},"end":{"line":124,"column":null}},{"start":{"line":122,"column":13},"end":{"line":124,"column":null}}],"line":112},"15":{"loc":{"start":{"line":116,"column":20},"end":{"line":116,"column":null}},"type":"binary-expr","locations":[{"start":{"line":116,"column":20},"end":{"line":116,"column":40}},{"start":{"line":116,"column":40},"end":{"line":116,"column":null}}],"line":116},"16":{"loc":{"start":{"line":117,"column":21},"end":{"line":117,"column":null}},"type":"binary-expr","locations":[{"start":{"line":117,"column":21},"end":{"line":117,"column":38}},{"start":{"line":117,"column":38},"end":{"line":117,"column":null}}],"line":117},"17":{"loc":{"start":{"line":133,"column":4},"end":{"line":133,"column":null}},"type":"if","locations":[{"start":{"line":133,"column":4},"end":{"line":133,"column":null}},{"start":{},"end":{}}],"line":133},"18":{"loc":{"start":{"line":142,"column":29},"end":{"line":142,"column":50}},"type":"binary-expr","locations":[{"start":{"line":142,"column":29},"end":{"line":142,"column":48}},{"start":{"line":142,"column":48},"end":{"line":142,"column":50}}],"line":142},"19":{"loc":{"start":{"line":146,"column":8},"end":{"line":148,"column":null}},"type":"if","locations":[{"start":{"line":146,"column":8},"end":{"line":148,"column":null}},{"start":{},"end":{}}],"line":146},"20":{"loc":{"start":{"line":152,"column":8},"end":{"line":161,"column":null}},"type":"if","locations":[{"start":{"line":152,"column":8},"end":{"line":161,"column":null}},{"start":{"line":156,"column":15},"end":{"line":161,"column":null}}],"line":152},"21":{"loc":{"start":{"line":172,"column":4},"end":{"line":172,"column":null}},"type":"if","locations":[{"start":{"line":172,"column":4},"end":{"line":172,"column":null}},{"start":{},"end":{}}],"line":172},"22":{"loc":{"start":{"line":176,"column":24},"end":{"line":176,"column":null}},"type":"binary-expr","locations":[{"start":{"line":176,"column":24},"end":{"line":176,"column":48}},{"start":{"line":176,"column":48},"end":{"line":176,"column":null}}],"line":176},"23":{"loc":{"start":{"line":182,"column":8},"end":{"line":185,"column":null}},"type":"if","locations":[{"start":{"line":182,"column":8},"end":{"line":185,"column":null}},{"start":{"line":184,"column":15},"end":{"line":185,"column":null}}],"line":182},"24":{"loc":{"start":{"line":191,"column":6},"end":{"line":200,"column":null}},"type":"if","locations":[{"start":{"line":191,"column":6},"end":{"line":200,"column":null}},{"start":{"line":195,"column":13},"end":{"line":200,"column":null}}],"line":191},"25":{"loc":{"start":{"line":204,"column":6},"end":{"line":211,"column":null}},"type":"if","locations":[{"start":{"line":204,"column":6},"end":{"line":211,"column":null}},{"start":{"line":208,"column":13},"end":{"line":211,"column":null}}],"line":204},"26":{"loc":{"start":{"line":204,"column":10},"end":{"line":204,"column":93}},"type":"binary-expr","locations":[{"start":{"line":204,"column":10},"end":{"line":204,"column":54}},{"start":{"line":204,"column":54},"end":{"line":204,"column":93}}],"line":204},"27":{"loc":{"start":{"line":208,"column":13},"end":{"line":211,"column":null}},"type":"if","locations":[{"start":{"line":208,"column":13},"end":{"line":211,"column":null}},{"start":{},"end":{}}],"line":208},"28":{"loc":{"start":{"line":208,"column":17},"end":{"line":208,"column":100}},"type":"binary-expr","locations":[{"start":{"line":208,"column":17},"end":{"line":208,"column":61}},{"start":{"line":208,"column":61},"end":{"line":208,"column":100}}],"line":208},"29":{"loc":{"start":{"line":219,"column":4},"end":{"line":219,"column":null}},"type":"if","locations":[{"start":{"line":219,"column":4},"end":{"line":219,"column":null}},{"start":{},"end":{}}],"line":219},"30":{"loc":{"start":{"line":219,"column":8},"end":{"line":219,"column":34}},"type":"binary-expr","locations":[{"start":{"line":219,"column":8},"end":{"line":219,"column":19}},{"start":{"line":219,"column":19},"end":{"line":219,"column":34}}],"line":219},"31":{"loc":{"start":{"line":231,"column":4},"end":{"line":231,"column":null}},"type":"if","locations":[{"start":{"line":231,"column":4},"end":{"line":231,"column":null}},{"start":{},"end":{}}],"line":231},"32":{"loc":{"start":{"line":231,"column":8},"end":{"line":231,"column":34}},"type":"binary-expr","locations":[{"start":{"line":231,"column":8},"end":{"line":231,"column":19}},{"start":{"line":231,"column":19},"end":{"line":231,"column":34}}],"line":231}},"s":{"0":2,"1":2,"2":15,"3":15,"4":15,"5":15,"6":15,"7":15,"8":8,"9":1,"10":1,"11":1,"12":1,"13":1,"14":7,"15":7,"16":1,"17":1,"18":1,"19":1,"20":1,"21":1,"22":1,"23":1,"24":1,"25":0,"26":0,"27":1,"28":0,"29":0,"30":0,"31":1,"32":0,"33":0,"34":7,"35":7,"36":15,"37":2,"38":0,"39":2,"40":2,"41":2,"42":2,"43":2,"44":2,"45":2,"46":2,"47":2,"48":0,"49":2,"50":2,"51":0,"52":2,"53":2,"54":2,"55":0,"56":2,"57":1,"58":1,"59":0,"60":15,"61":1,"62":0,"63":1,"64":1,"65":1,"66":1,"67":1,"68":1,"69":1,"70":0,"71":1,"72":1,"73":1,"74":1,"75":1,"76":1,"77":0,"78":1,"79":0,"80":15,"81":2,"82":0,"83":2,"84":2,"85":2,"86":2,"87":2,"88":2,"89":2,"90":1,"91":1,"92":2,"93":2,"94":1,"95":1,"96":2,"97":0,"98":2,"99":0,"100":0,"101":15,"102":1,"103":0,"104":1,"105":1,"106":1,"107":0,"108":15,"109":1,"110":0,"111":1,"112":1,"113":1,"114":0,"115":15,"116":2,"117":2,"118":15},"f":{"0":15,"1":8,"2":1,"3":0,"4":7,"5":2,"6":2,"7":0,"8":0,"9":1,"10":1,"11":0,"12":2,"13":2,"14":1,"15":1,"16":2,"17":2},"b":{"0":[1,7],"1":[1,0],"2":[1,0],"3":[1,0],"4":[1,0],"5":[1,0],"6":[0,0],"7":[0,0],"8":[0,2],"9":[2,1],"10":[2,1],"11":[2,2],"12":[0,2],"13":[0,2],"14":[1,1],"15":[1,0],"16":[1,1],"17":[0,1],"18":[1,1],"19":[1,0],"20":[1,0],"21":[0,2],"22":[2,2],"23":[1,1],"24":[1,1],"25":[0,2],"26":[2,0],"27":[0,2],"28":[2,2],"29":[0,1],"30":[1,1],"31":[0,1],"32":[1,1]},"meta":{"lastBranch":33,"lastFunction":18,"lastStatement":119,"seen":{"s:5:26:9:Infinity":0,"s:11:31:15:Infinity":1,"f:17:16:17:32":0,"s:18:17:18:Infinity":2,"s:19:20:19:48":3,"s:20:22:20:52":4,"s:21:20:21:48":5,"s:22:18:22:46":6,"s:25:2:67:Infinity":7,"f:25:2:25:18":1,"b:26:4:31:Infinity:undefined:undefined:undefined:undefined":0,"s:26:4:31:Infinity":8,"s:27:6:27:Infinity":9,"s:28:6:28:Infinity":10,"s:29:6:29:Infinity":11,"s:30:6:30:Infinity":12,"s:31:6:31:Infinity":13,"s:34:10:34:43":14,"s:37:10:64:Infinity":15,"f:37:35:37:44":2,"b:38:6:58:Infinity:55:13:58:Infinity":1,"s:38:6:58:Infinity":16,"s:39:21:39:35":17,"s:40:8:40:Infinity":18,"b:40:21:40:39:40:39:40:41":2,"s:41:8:41:Infinity":19,"b:41:21:41:39:41:39:41:41":3,"s:44:24:44:46":20,"b:44:24:44:44:44:44:44:46":4,"s:45:31:45:33":21,"s:46:8:51:Infinity":22,"b:47:10:51:Infinity:49:17:51:Infinity":5,"s:47:10:51:Infinity":23,"s:48:12:48:Infinity":24,"b:49:17:51:Infinity:undefined:undefined:undefined:undefined":6,"s:49:17:51:Infinity":25,"b:49:21:49:53:49:53:49:72":7,"s:51:12:51:Infinity":26,"s:54:8:54:Infinity":27,"s:56:8:56:Infinity":28,"s:57:8:57:Infinity":29,"s:58:8:58:Infinity":30,"s:60:6:60:Infinity":31,"f:61:8:61:18":3,"s:62:6:62:Infinity":32,"s:63:6:63:Infinity":33,"s:66:4:66:Infinity":34,"f:66:4:66:17":4,"s:66:17:66:30":35,"s:69:24:128:Infinity":36,"f:69:24:69:31":5,"b:70:4:70:Infinity:undefined:undefined:undefined:undefined":8,"s:70:4:70:Infinity":37,"s:70:17:70:Infinity":38,"s:71:10:71:43":39,"s:72:10:72:96":40,"b:72:52:72:72:72:72:72:95":9,"s:75:19:75:Infinity":41,"b:75:19:75:39:75:39:75:Infinity":10,"s:76:10:76:64":42,"s:78:24:81:Infinity":43,"s:83:4:128:Infinity":44,"s:85:6:100:Infinity":45,"f:85:6:85:21":6,"s:86:29:86:50":46,"b:86:29:86:48:86:48:86:50":11,"s:87:22:87:74":47,"f:87:35:87:45":7,"s:87:50:87:74":48,"s:88:25:88:42":49,"b:90:8:93:Infinity:92:15:93:Infinity":12,"s:90:8:93:Infinity":50,"s:91:10:91:Infinity":51,"s:93:10:93:Infinity":52,"s:96:8:99:Infinity":53,"s:103:6:109:Infinity":54,"b:106:12:106:81:107:12:107:25":13,"f:106:39:106:46":8,"s:106:51:106:67":55,"b:112:6:124:Infinity:122:13:124:Infinity":14,"s:112:6:124:Infinity":56,"s:113:8:121:Infinity":57,"b:116:20:116:40:116:40:116:Infinity":15,"b:117:21:117:38:117:38:117:Infinity":16,"s:124:8:124:Infinity":58,"s:128:6:128:Infinity":59,"s:132:26:167:Infinity":60,"f:132:26:132:33":9,"b:133:4:133:Infinity:undefined:undefined:undefined:undefined":17,"s:133:4:133:Infinity":61,"s:133:17:133:Infinity":62,"s:134:10:134:43":63,"s:135:10:135:59":64,"s:137:4:167:Infinity":65,"s:139:6:139:Infinity":66,"s:141:6:165:Infinity":67,"f:141:6:141:21":10,"s:142:29:142:50":68,"b:142:29:142:48:142:48:142:50":18,"s:143:25:143:66":69,"f:143:38:143:45":11,"s:143:50:143:66":70,"s:145:24:145:Infinity":71,"b:146:8:148:Infinity:undefined:undefined:undefined:undefined":19,"s:146:8:148:Infinity":72,"s:147:10:147:Infinity":73,"s:148:10:148:Infinity":74,"b:152:8:161:Infinity:156:15:161:Infinity":20,"s:152:8:161:Infinity":75,"s:153:10:155:Infinity":76,"s:157:10:161:Infinity":77,"s:164:8:164:Infinity":78,"s:167:6:167:Infinity":79,"s:171:22:214:Infinity":80,"f:171:22:171:29":12,"b:172:4:172:Infinity:undefined:undefined:undefined:undefined":21,"s:172:4:172:Infinity":81,"s:172:17:172:Infinity":82,"s:174:10:174:43":83,"s:175:10:175:48":84,"s:176:24:176:Infinity":85,"b:176:24:176:48:176:48:176:Infinity":22,"s:178:4:214:Infinity":86,"s:180:6:188:Infinity":87,"f:180:6:180:19":13,"s:181:21:181:32":88,"b:182:8:185:Infinity:184:15:185:Infinity":23,"s:182:8:185:Infinity":89,"s:183:10:183:Infinity":90,"s:185:10:185:Infinity":91,"s:187:8:187:Infinity":92,"b:191:6:200:Infinity:195:13:200:Infinity":24,"s:191:6:200:Infinity":93,"s:192:8:194:Infinity":94,"s:196:8:200:Infinity":95,"b:204:6:211:Infinity:208:13:211:Infinity":25,"s:204:6:211:Infinity":96,"b:204:10:204:54:204:54:204:93":26,"s:205:8:207:Infinity":97,"b:208:13:211:Infinity:undefined:undefined:undefined:undefined":27,"s:208:13:211:Infinity":98,"b:208:17:208:61:208:61:208:100":28,"s:209:8:211:Infinity":99,"s:214:6:214:Infinity":100,"s:218:21:226:Infinity":101,"f:218:21:218:28":14,"b:219:4:219:Infinity:undefined:undefined:undefined:undefined":29,"s:219:4:219:Infinity":102,"b:219:8:219:19:219:19:219:34":30,"s:219:34:219:Infinity":103,"s:220:10:220:43":104,"s:221:4:226:Infinity":105,"s:222:6:224:Infinity":106,"s:226:6:226:Infinity":107,"s:230:23:238:Infinity":108,"f:230:23:230:30":15,"b:231:4:231:Infinity:undefined:undefined:undefined:undefined":31,"s:231:4:231:Infinity":109,"b:231:8:231:19:231:19:231:34":32,"s:231:34:231:Infinity":110,"s:232:10:232:43":111,"s:233:4:238:Infinity":112,"s:234:6:236:Infinity":113,"s:238:6:238:Infinity":114,"s:242:17:245:Infinity":115,"f:243:51:243:58":16,"s:243:63:243:88":116,"f:244:57:244:64":17,"s:244:69:244:100":117,"s:247:2:247:Infinity":118}}}
,"/Users/maria.araujo/gemini/src/lib/utils.js": {"path":"/Users/maria.araujo/gemini/src/lib/utils.js","statementMap":{"0":{"start":{"line":5,"column":2},"end":{"line":5,"column":null}}},"fnMap":{"0":{"name":"cn","decl":{"start":{"line":4,"column":16},"end":{"line":4,"column":19}},"loc":{"start":{"line":4,"column":30},"end":{"line":5,"column":null}},"line":4}},"branchMap":{},"s":{"0":765},"f":{"0":765},"b":{},"meta":{"lastBranch":0,"lastFunction":1,"lastStatement":1,"seen":{"f:4:16:4:19":0,"s:5:2:5:Infinity":0}}}
}
